[2016-05-27 01:32:57,646][INFO ][cluster.metadata         ] [uberlog] [_river] creating index, cause [auto(index api)], shards [1]/[1], mappings [uberlog]
[2016-05-27 01:32:57,705][INFO ][cluster.metadata         ] [uberlog] [_river] update_mapping [uberlog] (dynamic)
[2016-05-27 01:32:57,716][INFO ][org.elasticsearch.river.mongodb.MongoDBRiver] Starting river uberlog
[2016-05-27 01:32:57,717][INFO ][org.elasticsearch.river.mongodb.MongoDBRiver] MongoDB River Plugin - version[2.0.4] - hash[7472875] - time[2014-11-11T13:26:19Z]
[2016-05-27 01:32:57,717][INFO ][org.elasticsearch.river.mongodb.MongoDBRiver] starting mongodb stream. options: secondaryreadpreference [true], drop_collection [false], include_collection [], throttlesize [5000], gridfs [false], filter [null], db [uberlog], collection [Account], script [null], indexing to [uberlog]/[Account2]
[2016-05-27 01:32:57,717][INFO ][river.mongodb.util       ] setRiverStatus called with uberlog - RUNNING
[2016-05-27 01:32:57,725][INFO ][cluster.metadata         ] [uberlog] [_river] update_mapping [uberlog] (dynamic)
[2016-05-27 01:32:58,044][INFO ][org.elasticsearch.river.mongodb.MongoConfigProvider] MongoDB version - 2.6.5
[2016-05-27 01:32:58,084][INFO ][org.elasticsearch.river.mongodb.CollectionSlurper] MongoDBRiver is beginning initial import of uberlog.Account
[2016-05-27 01:32:58,086][INFO ][org.elasticsearch.river.mongodb.CollectionSlurper] Number of documents indexed in initial import of uberlog.Account: 2
[2016-05-27 01:32:58,108][INFO ][cluster.metadata         ] [uberlog] [uberlog] update_mapping [Account2] (dynamic)
[2016-05-27 01:32:58,113][INFO ][cluster.metadata         ] [uberlog] [_river] update_mapping [uberlog] (dynamic)
[2016-05-27 01:32:58,595][INFO ][cluster.metadata         ] [uberlog] [_river] update_mapping [uberlog] (dynamic)
[2016-05-27 03:29:54,800][WARN ][transport.netty          ] [uberlog] exception caught on transport layer [[id: 0x97f42c81, /157.26.108.26:50568 => /157.26.108.26:9300]], closing connection
java.io.IOException: Operation timed out
	at sun.nio.ch.FileDispatcherImpl.read0(Native Method)
	at sun.nio.ch.SocketDispatcher.read(SocketDispatcher.java:39)
	at sun.nio.ch.IOUtil.readIntoNativeBuffer(IOUtil.java:223)
	at sun.nio.ch.IOUtil.read(IOUtil.java:192)
	at sun.nio.ch.SocketChannelImpl.read(SocketChannelImpl.java:380)
	at org.elasticsearch.common.netty.channel.socket.nio.NioWorker.read(NioWorker.java:64)
	at org.elasticsearch.common.netty.channel.socket.nio.AbstractNioWorker.process(AbstractNioWorker.java:108)
	at org.elasticsearch.common.netty.channel.socket.nio.AbstractNioSelector.run(AbstractNioSelector.java:318)
	at org.elasticsearch.common.netty.channel.socket.nio.AbstractNioWorker.run(AbstractNioWorker.java:89)
	at org.elasticsearch.common.netty.channel.socket.nio.NioWorker.run(NioWorker.java:178)
	at org.elasticsearch.common.netty.util.ThreadRenamingRunnable.run(ThreadRenamingRunnable.java:108)
	at org.elasticsearch.common.netty.util.internal.DeadLockProofWorker$1.run(DeadLockProofWorker.java:42)
	at java.util.concurrent.ThreadPoolExecutor.runWorker(ThreadPoolExecutor.java:1142)
	at java.util.concurrent.ThreadPoolExecutor$Worker.run(ThreadPoolExecutor.java:617)
	at java.lang.Thread.run(Thread.java:745)
[2016-05-27 03:29:54,802][WARN ][transport.netty          ] [uberlog] exception caught on transport layer [[id: 0x5737bd94, /157.26.108.26:50559 => /157.26.108.26:9300]], closing connection
java.io.IOException: Operation timed out
	at sun.nio.ch.FileDispatcherImpl.read0(Native Method)
	at sun.nio.ch.SocketDispatcher.read(SocketDispatcher.java:39)
	at sun.nio.ch.IOUtil.readIntoNativeBuffer(IOUtil.java:223)
	at sun.nio.ch.IOUtil.read(IOUtil.java:192)
	at sun.nio.ch.SocketChannelImpl.read(SocketChannelImpl.java:380)
	at org.elasticsearch.common.netty.channel.socket.nio.NioWorker.read(NioWorker.java:64)
	at org.elasticsearch.common.netty.channel.socket.nio.AbstractNioWorker.process(AbstractNioWorker.java:108)
	at org.elasticsearch.common.netty.channel.socket.nio.AbstractNioSelector.run(AbstractNioSelector.java:318)
	at org.elasticsearch.common.netty.channel.socket.nio.AbstractNioWorker.run(AbstractNioWorker.java:89)
	at org.elasticsearch.common.netty.channel.socket.nio.NioWorker.run(NioWorker.java:178)
	at org.elasticsearch.common.netty.util.ThreadRenamingRunnable.run(ThreadRenamingRunnable.java:108)
	at org.elasticsearch.common.netty.util.internal.DeadLockProofWorker$1.run(DeadLockProofWorker.java:42)
	at java.util.concurrent.ThreadPoolExecutor.runWorker(ThreadPoolExecutor.java:1142)
	at java.util.concurrent.ThreadPoolExecutor$Worker.run(ThreadPoolExecutor.java:617)
	at java.lang.Thread.run(Thread.java:745)
[2016-05-27 03:29:54,802][WARN ][transport.netty          ] [uberlog] exception caught on transport layer [[id: 0xc44e442a, /157.26.108.26:50558 => /157.26.108.26:9300]], closing connection
java.io.IOException: Operation timed out
	at sun.nio.ch.FileDispatcherImpl.read0(Native Method)
	at sun.nio.ch.SocketDispatcher.read(SocketDispatcher.java:39)
	at sun.nio.ch.IOUtil.readIntoNativeBuffer(IOUtil.java:223)
	at sun.nio.ch.IOUtil.read(IOUtil.java:192)
	at sun.nio.ch.SocketChannelImpl.read(SocketChannelImpl.java:380)
	at org.elasticsearch.common.netty.channel.socket.nio.NioWorker.read(NioWorker.java:64)
	at org.elasticsearch.common.netty.channel.socket.nio.AbstractNioWorker.process(AbstractNioWorker.java:108)
	at org.elasticsearch.common.netty.channel.socket.nio.AbstractNioSelector.run(AbstractNioSelector.java:318)
	at org.elasticsearch.common.netty.channel.socket.nio.AbstractNioWorker.run(AbstractNioWorker.java:89)
	at org.elasticsearch.common.netty.channel.socket.nio.NioWorker.run(NioWorker.java:178)
	at org.elasticsearch.common.netty.util.ThreadRenamingRunnable.run(ThreadRenamingRunnable.java:108)
	at org.elasticsearch.common.netty.util.internal.DeadLockProofWorker$1.run(DeadLockProofWorker.java:42)
	at java.util.concurrent.ThreadPoolExecutor.runWorker(ThreadPoolExecutor.java:1142)
	at java.util.concurrent.ThreadPoolExecutor$Worker.run(ThreadPoolExecutor.java:617)
	at java.lang.Thread.run(Thread.java:745)
[2016-05-27 03:29:54,841][WARN ][transport.netty          ] [uberlog] exception caught on transport layer [[id: 0x04b26f45, /157.26.108.26:50567 => /157.26.108.26:9300]], closing connection
java.io.IOException: Operation timed out
	at sun.nio.ch.FileDispatcherImpl.read0(Native Method)
	at sun.nio.ch.SocketDispatcher.read(SocketDispatcher.java:39)
	at sun.nio.ch.IOUtil.readIntoNativeBuffer(IOUtil.java:223)
	at sun.nio.ch.IOUtil.read(IOUtil.java:192)
	at sun.nio.ch.SocketChannelImpl.read(SocketChannelImpl.java:380)
	at org.elasticsearch.common.netty.channel.socket.nio.NioWorker.read(NioWorker.java:64)
	at org.elasticsearch.common.netty.channel.socket.nio.AbstractNioWorker.process(AbstractNioWorker.java:108)
	at org.elasticsearch.common.netty.channel.socket.nio.AbstractNioSelector.run(AbstractNioSelector.java:318)
	at org.elasticsearch.common.netty.channel.socket.nio.AbstractNioWorker.run(AbstractNioWorker.java:89)
	at org.elasticsearch.common.netty.channel.socket.nio.NioWorker.run(NioWorker.java:178)
	at org.elasticsearch.common.netty.util.ThreadRenamingRunnable.run(ThreadRenamingRunnable.java:108)
	at org.elasticsearch.common.netty.util.internal.DeadLockProofWorker$1.run(DeadLockProofWorker.java:42)
	at java.util.concurrent.ThreadPoolExecutor.runWorker(ThreadPoolExecutor.java:1142)
	at java.util.concurrent.ThreadPoolExecutor$Worker.run(ThreadPoolExecutor.java:617)
	at java.lang.Thread.run(Thread.java:745)
[2016-05-27 03:29:54,802][WARN ][transport.netty          ] [uberlog] exception caught on transport layer [[id: 0x2e642bce, /157.26.108.26:50567 => /157.26.108.26:9300]], closing connection
java.io.IOException: Operation timed out
	at sun.nio.ch.FileDispatcherImpl.read0(Native Method)
	at sun.nio.ch.SocketDispatcher.read(SocketDispatcher.java:39)
	at sun.nio.ch.IOUtil.readIntoNativeBuffer(IOUtil.java:223)
	at sun.nio.ch.IOUtil.read(IOUtil.java:192)
	at sun.nio.ch.SocketChannelImpl.read(SocketChannelImpl.java:380)
	at org.elasticsearch.common.netty.channel.socket.nio.NioWorker.read(NioWorker.java:64)
	at org.elasticsearch.common.netty.channel.socket.nio.AbstractNioWorker.process(AbstractNioWorker.java:108)
	at org.elasticsearch.common.netty.channel.socket.nio.AbstractNioSelector.run(AbstractNioSelector.java:318)
	at org.elasticsearch.common.netty.channel.socket.nio.AbstractNioWorker.run(AbstractNioWorker.java:89)
	at org.elasticsearch.common.netty.channel.socket.nio.NioWorker.run(NioWorker.java:178)
	at org.elasticsearch.common.netty.util.ThreadRenamingRunnable.run(ThreadRenamingRunnable.java:108)
	at org.elasticsearch.common.netty.util.internal.DeadLockProofWorker$1.run(DeadLockProofWorker.java:42)
	at java.util.concurrent.ThreadPoolExecutor.runWorker(ThreadPoolExecutor.java:1142)
	at java.util.concurrent.ThreadPoolExecutor$Worker.run(ThreadPoolExecutor.java:617)
	at java.lang.Thread.run(Thread.java:745)
[2016-05-27 03:29:54,802][WARN ][transport.netty          ] [uberlog] exception caught on transport layer [[id: 0xd808bb08, /157.26.108.26:50566 => /157.26.108.26:9300]], closing connection
java.io.IOException: Operation timed out
	at sun.nio.ch.FileDispatcherImpl.read0(Native Method)
	at sun.nio.ch.SocketDispatcher.read(SocketDispatcher.java:39)
	at sun.nio.ch.IOUtil.readIntoNativeBuffer(IOUtil.java:223)
	at sun.nio.ch.IOUtil.read(IOUtil.java:192)
	at sun.nio.ch.SocketChannelImpl.read(SocketChannelImpl.java:380)
	at org.elasticsearch.common.netty.channel.socket.nio.NioWorker.read(NioWorker.java:64)
	at org.elasticsearch.common.netty.channel.socket.nio.AbstractNioWorker.process(AbstractNioWorker.java:108)
	at org.elasticsearch.common.netty.channel.socket.nio.AbstractNioSelector.run(AbstractNioSelector.java:318)
	at org.elasticsearch.common.netty.channel.socket.nio.AbstractNioWorker.run(AbstractNioWorker.java:89)
	at org.elasticsearch.common.netty.channel.socket.nio.NioWorker.run(NioWorker.java:178)
	at org.elasticsearch.common.netty.util.ThreadRenamingRunnable.run(ThreadRenamingRunnable.java:108)
	at org.elasticsearch.common.netty.util.internal.DeadLockProofWorker$1.run(DeadLockProofWorker.java:42)
	at java.util.concurrent.ThreadPoolExecutor.runWorker(ThreadPoolExecutor.java:1142)
	at java.util.concurrent.ThreadPoolExecutor$Worker.run(ThreadPoolExecutor.java:617)
	at java.lang.Thread.run(Thread.java:745)
[2016-05-27 03:29:54,844][WARN ][transport.netty          ] [uberlog] exception caught on transport layer [[id: 0x351d0dd0, /157.26.108.26:50558 => /157.26.108.26:9300]], closing connection
java.io.IOException: Operation timed out
	at sun.nio.ch.FileDispatcherImpl.read0(Native Method)
	at sun.nio.ch.SocketDispatcher.read(SocketDispatcher.java:39)
	at sun.nio.ch.IOUtil.readIntoNativeBuffer(IOUtil.java:223)
	at sun.nio.ch.IOUtil.read(IOUtil.java:192)
	at sun.nio.ch.SocketChannelImpl.read(SocketChannelImpl.java:380)
	at org.elasticsearch.common.netty.channel.socket.nio.NioWorker.read(NioWorker.java:64)
	at org.elasticsearch.common.netty.channel.socket.nio.AbstractNioWorker.process(AbstractNioWorker.java:108)
	at org.elasticsearch.common.netty.channel.socket.nio.AbstractNioSelector.run(AbstractNioSelector.java:318)
	at org.elasticsearch.common.netty.channel.socket.nio.AbstractNioWorker.run(AbstractNioWorker.java:89)
	at org.elasticsearch.common.netty.channel.socket.nio.NioWorker.run(NioWorker.java:178)
	at org.elasticsearch.common.netty.util.ThreadRenamingRunnable.run(ThreadRenamingRunnable.java:108)
	at org.elasticsearch.common.netty.util.internal.DeadLockProofWorker$1.run(DeadLockProofWorker.java:42)
	at java.util.concurrent.ThreadPoolExecutor.runWorker(ThreadPoolExecutor.java:1142)
	at java.util.concurrent.ThreadPoolExecutor$Worker.run(ThreadPoolExecutor.java:617)
	at java.lang.Thread.run(Thread.java:745)
[2016-05-27 03:29:54,802][WARN ][transport.netty          ] [uberlog] exception caught on transport layer [[id: 0x96c0d0bf, /157.26.108.26:50557 => /157.26.108.26:9300]], closing connection
java.io.IOException: Operation timed out
	at sun.nio.ch.FileDispatcherImpl.read0(Native Method)
	at sun.nio.ch.SocketDispatcher.read(SocketDispatcher.java:39)
	at sun.nio.ch.IOUtil.readIntoNativeBuffer(IOUtil.java:223)
	at sun.nio.ch.IOUtil.read(IOUtil.java:192)
	at sun.nio.ch.SocketChannelImpl.read(SocketChannelImpl.java:380)
	at org.elasticsearch.common.netty.channel.socket.nio.NioWorker.read(NioWorker.java:64)
	at org.elasticsearch.common.netty.channel.socket.nio.AbstractNioWorker.process(AbstractNioWorker.java:108)
	at org.elasticsearch.common.netty.channel.socket.nio.AbstractNioSelector.run(AbstractNioSelector.java:318)
	at org.elasticsearch.common.netty.channel.socket.nio.AbstractNioWorker.run(AbstractNioWorker.java:89)
	at org.elasticsearch.common.netty.channel.socket.nio.NioWorker.run(NioWorker.java:178)
	at org.elasticsearch.common.netty.util.ThreadRenamingRunnable.run(ThreadRenamingRunnable.java:108)
	at org.elasticsearch.common.netty.util.internal.DeadLockProofWorker$1.run(DeadLockProofWorker.java:42)
	at java.util.concurrent.ThreadPoolExecutor.runWorker(ThreadPoolExecutor.java:1142)
	at java.util.concurrent.ThreadPoolExecutor$Worker.run(ThreadPoolExecutor.java:617)
	at java.lang.Thread.run(Thread.java:745)
[2016-05-27 03:29:54,801][WARN ][transport.netty          ] [uberlog] exception caught on transport layer [[id: 0x84bf90bf, /157.26.108.26:50556 => /157.26.108.26:9300]], closing connection
java.io.IOException: Operation timed out
	at sun.nio.ch.FileDispatcherImpl.read0(Native Method)
	at sun.nio.ch.SocketDispatcher.read(SocketDispatcher.java:39)
	at sun.nio.ch.IOUtil.readIntoNativeBuffer(IOUtil.java:223)
	at sun.nio.ch.IOUtil.read(IOUtil.java:192)
	at sun.nio.ch.SocketChannelImpl.read(SocketChannelImpl.java:380)
	at org.elasticsearch.common.netty.channel.socket.nio.NioWorker.read(NioWorker.java:64)
	at org.elasticsearch.common.netty.channel.socket.nio.AbstractNioWorker.process(AbstractNioWorker.java:108)
	at org.elasticsearch.common.netty.channel.socket.nio.AbstractNioSelector.run(AbstractNioSelector.java:318)
	at org.elasticsearch.common.netty.channel.socket.nio.AbstractNioWorker.run(AbstractNioWorker.java:89)
	at org.elasticsearch.common.netty.channel.socket.nio.NioWorker.run(NioWorker.java:178)
	at org.elasticsearch.common.netty.util.ThreadRenamingRunnable.run(ThreadRenamingRunnable.java:108)
	at org.elasticsearch.common.netty.util.internal.DeadLockProofWorker$1.run(DeadLockProofWorker.java:42)
	at java.util.concurrent.ThreadPoolExecutor.runWorker(ThreadPoolExecutor.java:1142)
	at java.util.concurrent.ThreadPoolExecutor$Worker.run(ThreadPoolExecutor.java:617)
	at java.lang.Thread.run(Thread.java:745)
[2016-05-27 03:29:54,802][WARN ][transport.netty          ] [uberlog] exception caught on transport layer [[id: 0xf07b47a6, /157.26.108.26:50568 => /157.26.108.26:9300]], closing connection
java.io.IOException: Operation timed out
	at sun.nio.ch.FileDispatcherImpl.read0(Native Method)
	at sun.nio.ch.SocketDispatcher.read(SocketDispatcher.java:39)
	at sun.nio.ch.IOUtil.readIntoNativeBuffer(IOUtil.java:223)
	at sun.nio.ch.IOUtil.read(IOUtil.java:192)
	at sun.nio.ch.SocketChannelImpl.read(SocketChannelImpl.java:380)
	at org.elasticsearch.common.netty.channel.socket.nio.NioWorker.read(NioWorker.java:64)
	at org.elasticsearch.common.netty.channel.socket.nio.AbstractNioWorker.process(AbstractNioWorker.java:108)
	at org.elasticsearch.common.netty.channel.socket.nio.AbstractNioSelector.run(AbstractNioSelector.java:318)
	at org.elasticsearch.common.netty.channel.socket.nio.AbstractNioWorker.run(AbstractNioWorker.java:89)
	at org.elasticsearch.common.netty.channel.socket.nio.NioWorker.run(NioWorker.java:178)
	at org.elasticsearch.common.netty.util.ThreadRenamingRunnable.run(ThreadRenamingRunnable.java:108)
	at org.elasticsearch.common.netty.util.internal.DeadLockProofWorker$1.run(DeadLockProofWorker.java:42)
	at java.util.concurrent.ThreadPoolExecutor.runWorker(ThreadPoolExecutor.java:1142)
	at java.util.concurrent.ThreadPoolExecutor$Worker.run(ThreadPoolExecutor.java:617)
	at java.lang.Thread.run(Thread.java:745)
[2016-05-27 03:29:54,801][WARN ][transport.netty          ] [uberlog] exception caught on transport layer [[id: 0x6e70925e, /157.26.108.26:50561 => /157.26.108.26:9300]], closing connection
java.io.IOException: Operation timed out
	at sun.nio.ch.FileDispatcherImpl.read0(Native Method)
	at sun.nio.ch.SocketDispatcher.read(SocketDispatcher.java:39)
	at sun.nio.ch.IOUtil.readIntoNativeBuffer(IOUtil.java:223)
	at sun.nio.ch.IOUtil.read(IOUtil.java:192)
	at sun.nio.ch.SocketChannelImpl.read(SocketChannelImpl.java:380)
	at org.elasticsearch.common.netty.channel.socket.nio.NioWorker.read(NioWorker.java:64)
	at org.elasticsearch.common.netty.channel.socket.nio.AbstractNioWorker.process(AbstractNioWorker.java:108)
	at org.elasticsearch.common.netty.channel.socket.nio.AbstractNioSelector.run(AbstractNioSelector.java:318)
	at org.elasticsearch.common.netty.channel.socket.nio.AbstractNioWorker.run(AbstractNioWorker.java:89)
	at org.elasticsearch.common.netty.channel.socket.nio.NioWorker.run(NioWorker.java:178)
	at org.elasticsearch.common.netty.util.ThreadRenamingRunnable.run(ThreadRenamingRunnable.java:108)
	at org.elasticsearch.common.netty.util.internal.DeadLockProofWorker$1.run(DeadLockProofWorker.java:42)
	at java.util.concurrent.ThreadPoolExecutor.runWorker(ThreadPoolExecutor.java:1142)
	at java.util.concurrent.ThreadPoolExecutor$Worker.run(ThreadPoolExecutor.java:617)
	at java.lang.Thread.run(Thread.java:745)
[2016-05-27 03:29:54,801][WARN ][transport.netty          ] [uberlog] exception caught on transport layer [[id: 0x342204e2, /157.26.108.26:50561 => /157.26.108.26:9300]], closing connection
java.io.IOException: Operation timed out
	at sun.nio.ch.FileDispatcherImpl.read0(Native Method)
	at sun.nio.ch.SocketDispatcher.read(SocketDispatcher.java:39)
	at sun.nio.ch.IOUtil.readIntoNativeBuffer(IOUtil.java:223)
	at sun.nio.ch.IOUtil.read(IOUtil.java:192)
	at sun.nio.ch.SocketChannelImpl.read(SocketChannelImpl.java:380)
	at org.elasticsearch.common.netty.channel.socket.nio.NioWorker.read(NioWorker.java:64)
	at org.elasticsearch.common.netty.channel.socket.nio.AbstractNioWorker.process(AbstractNioWorker.java:108)
	at org.elasticsearch.common.netty.channel.socket.nio.AbstractNioSelector.run(AbstractNioSelector.java:318)
	at org.elasticsearch.common.netty.channel.socket.nio.AbstractNioWorker.run(AbstractNioWorker.java:89)
	at org.elasticsearch.common.netty.channel.socket.nio.NioWorker.run(NioWorker.java:178)
	at org.elasticsearch.common.netty.util.ThreadRenamingRunnable.run(ThreadRenamingRunnable.java:108)
	at org.elasticsearch.common.netty.util.internal.DeadLockProofWorker$1.run(DeadLockProofWorker.java:42)
	at java.util.concurrent.ThreadPoolExecutor.runWorker(ThreadPoolExecutor.java:1142)
	at java.util.concurrent.ThreadPoolExecutor$Worker.run(ThreadPoolExecutor.java:617)
	at java.lang.Thread.run(Thread.java:745)
[2016-05-27 03:29:54,801][WARN ][transport.netty          ] [uberlog] exception caught on transport layer [[id: 0xd84954ab, /157.26.108.26:50556 => /157.26.108.26:9300]], closing connection
java.io.IOException: Operation timed out
	at sun.nio.ch.FileDispatcherImpl.read0(Native Method)
	at sun.nio.ch.SocketDispatcher.read(SocketDispatcher.java:39)
	at sun.nio.ch.IOUtil.readIntoNativeBuffer(IOUtil.java:223)
	at sun.nio.ch.IOUtil.read(IOUtil.java:192)
	at sun.nio.ch.SocketChannelImpl.read(SocketChannelImpl.java:380)
	at org.elasticsearch.common.netty.channel.socket.nio.NioWorker.read(NioWorker.java:64)
	at org.elasticsearch.common.netty.channel.socket.nio.AbstractNioWorker.process(AbstractNioWorker.java:108)
	at org.elasticsearch.common.netty.channel.socket.nio.AbstractNioSelector.run(AbstractNioSelector.java:318)
	at org.elasticsearch.common.netty.channel.socket.nio.AbstractNioWorker.run(AbstractNioWorker.java:89)
	at org.elasticsearch.common.netty.channel.socket.nio.NioWorker.run(NioWorker.java:178)
	at org.elasticsearch.common.netty.util.ThreadRenamingRunnable.run(ThreadRenamingRunnable.java:108)
	at org.elasticsearch.common.netty.util.internal.DeadLockProofWorker$1.run(DeadLockProofWorker.java:42)
	at java.util.concurrent.ThreadPoolExecutor.runWorker(ThreadPoolExecutor.java:1142)
	at java.util.concurrent.ThreadPoolExecutor$Worker.run(ThreadPoolExecutor.java:617)
	at java.lang.Thread.run(Thread.java:745)
[2016-05-27 03:29:54,801][WARN ][transport.netty          ] [uberlog] exception caught on transport layer [[id: 0x3be2b0be, /157.26.108.26:50562 => /157.26.108.26:9300]], closing connection
java.io.IOException: Operation timed out
	at sun.nio.ch.FileDispatcherImpl.read0(Native Method)
	at sun.nio.ch.SocketDispatcher.read(SocketDispatcher.java:39)
	at sun.nio.ch.IOUtil.readIntoNativeBuffer(IOUtil.java:223)
	at sun.nio.ch.IOUtil.read(IOUtil.java:192)
	at sun.nio.ch.SocketChannelImpl.read(SocketChannelImpl.java:380)
	at org.elasticsearch.common.netty.channel.socket.nio.NioWorker.read(NioWorker.java:64)
	at org.elasticsearch.common.netty.channel.socket.nio.AbstractNioWorker.process(AbstractNioWorker.java:108)
	at org.elasticsearch.common.netty.channel.socket.nio.AbstractNioSelector.run(AbstractNioSelector.java:318)
	at org.elasticsearch.common.netty.channel.socket.nio.AbstractNioWorker.run(AbstractNioWorker.java:89)
	at org.elasticsearch.common.netty.channel.socket.nio.NioWorker.run(NioWorker.java:178)
	at org.elasticsearch.common.netty.util.ThreadRenamingRunnable.run(ThreadRenamingRunnable.java:108)
	at org.elasticsearch.common.netty.util.internal.DeadLockProofWorker$1.run(DeadLockProofWorker.java:42)
	at java.util.concurrent.ThreadPoolExecutor.runWorker(ThreadPoolExecutor.java:1142)
	at java.util.concurrent.ThreadPoolExecutor$Worker.run(ThreadPoolExecutor.java:617)
	at java.lang.Thread.run(Thread.java:745)
[2016-05-27 03:29:54,801][WARN ][transport.netty          ] [uberlog] exception caught on transport layer [[id: 0x6d1df5f7, /157.26.108.26:50562 => /157.26.108.26:9300]], closing connection
java.io.IOException: Operation timed out
	at sun.nio.ch.FileDispatcherImpl.read0(Native Method)
	at sun.nio.ch.SocketDispatcher.read(SocketDispatcher.java:39)
	at sun.nio.ch.IOUtil.readIntoNativeBuffer(IOUtil.java:223)
	at sun.nio.ch.IOUtil.read(IOUtil.java:192)
	at sun.nio.ch.SocketChannelImpl.read(SocketChannelImpl.java:380)
	at org.elasticsearch.common.netty.channel.socket.nio.NioWorker.read(NioWorker.java:64)
	at org.elasticsearch.common.netty.channel.socket.nio.AbstractNioWorker.process(AbstractNioWorker.java:108)
	at org.elasticsearch.common.netty.channel.socket.nio.AbstractNioSelector.run(AbstractNioSelector.java:318)
	at org.elasticsearch.common.netty.channel.socket.nio.AbstractNioWorker.run(AbstractNioWorker.java:89)
	at org.elasticsearch.common.netty.channel.socket.nio.NioWorker.run(NioWorker.java:178)
	at org.elasticsearch.common.netty.util.ThreadRenamingRunnable.run(ThreadRenamingRunnable.java:108)
	at org.elasticsearch.common.netty.util.internal.DeadLockProofWorker$1.run(DeadLockProofWorker.java:42)
	at java.util.concurrent.ThreadPoolExecutor.runWorker(ThreadPoolExecutor.java:1142)
	at java.util.concurrent.ThreadPoolExecutor$Worker.run(ThreadPoolExecutor.java:617)
	at java.lang.Thread.run(Thread.java:745)
[2016-05-27 03:29:54,801][WARN ][transport.netty          ] [uberlog] exception caught on transport layer [[id: 0x834af6f7, /157.26.108.26:50557 => /157.26.108.26:9300]], closing connection
java.io.IOException: Operation timed out
	at sun.nio.ch.FileDispatcherImpl.read0(Native Method)
	at sun.nio.ch.SocketDispatcher.read(SocketDispatcher.java:39)
	at sun.nio.ch.IOUtil.readIntoNativeBuffer(IOUtil.java:223)
	at sun.nio.ch.IOUtil.read(IOUtil.java:192)
	at sun.nio.ch.SocketChannelImpl.read(SocketChannelImpl.java:380)
	at org.elasticsearch.common.netty.channel.socket.nio.NioWorker.read(NioWorker.java:64)
	at org.elasticsearch.common.netty.channel.socket.nio.AbstractNioWorker.process(AbstractNioWorker.java:108)
	at org.elasticsearch.common.netty.channel.socket.nio.AbstractNioSelector.run(AbstractNioSelector.java:318)
	at org.elasticsearch.common.netty.channel.socket.nio.AbstractNioWorker.run(AbstractNioWorker.java:89)
	at org.elasticsearch.common.netty.channel.socket.nio.NioWorker.run(NioWorker.java:178)
	at org.elasticsearch.common.netty.util.ThreadRenamingRunnable.run(ThreadRenamingRunnable.java:108)
	at org.elasticsearch.common.netty.util.internal.DeadLockProofWorker$1.run(DeadLockProofWorker.java:42)
	at java.util.concurrent.ThreadPoolExecutor.runWorker(ThreadPoolExecutor.java:1142)
	at java.util.concurrent.ThreadPoolExecutor$Worker.run(ThreadPoolExecutor.java:617)
	at java.lang.Thread.run(Thread.java:745)
[2016-05-27 03:29:54,847][WARN ][transport.netty          ] [uberlog] exception caught on transport layer [[id: 0x0d94347b, /157.26.108.26:50560 => /157.26.108.26:9300]], closing connection
java.io.IOException: Operation timed out
	at sun.nio.ch.FileDispatcherImpl.read0(Native Method)
	at sun.nio.ch.SocketDispatcher.read(SocketDispatcher.java:39)
	at sun.nio.ch.IOUtil.readIntoNativeBuffer(IOUtil.java:223)
	at sun.nio.ch.IOUtil.read(IOUtil.java:192)
	at sun.nio.ch.SocketChannelImpl.read(SocketChannelImpl.java:380)
	at org.elasticsearch.common.netty.channel.socket.nio.NioWorker.read(NioWorker.java:64)
	at org.elasticsearch.common.netty.channel.socket.nio.AbstractNioWorker.process(AbstractNioWorker.java:108)
	at org.elasticsearch.common.netty.channel.socket.nio.AbstractNioSelector.run(AbstractNioSelector.java:318)
	at org.elasticsearch.common.netty.channel.socket.nio.AbstractNioWorker.run(AbstractNioWorker.java:89)
	at org.elasticsearch.common.netty.channel.socket.nio.NioWorker.run(NioWorker.java:178)
	at org.elasticsearch.common.netty.util.ThreadRenamingRunnable.run(ThreadRenamingRunnable.java:108)
	at org.elasticsearch.common.netty.util.internal.DeadLockProofWorker$1.run(DeadLockProofWorker.java:42)
	at java.util.concurrent.ThreadPoolExecutor.runWorker(ThreadPoolExecutor.java:1142)
	at java.util.concurrent.ThreadPoolExecutor$Worker.run(ThreadPoolExecutor.java:617)
	at java.lang.Thread.run(Thread.java:745)
[2016-05-27 03:29:54,846][WARN ][transport.netty          ] [uberlog] exception caught on transport layer [[id: 0xf840382c, /157.26.108.26:50565 => /157.26.108.26:9300]], closing connection
java.io.IOException: Operation timed out
	at sun.nio.ch.FileDispatcherImpl.read0(Native Method)
	at sun.nio.ch.SocketDispatcher.read(SocketDispatcher.java:39)
	at sun.nio.ch.IOUtil.readIntoNativeBuffer(IOUtil.java:223)
	at sun.nio.ch.IOUtil.read(IOUtil.java:192)
	at sun.nio.ch.SocketChannelImpl.read(SocketChannelImpl.java:380)
	at org.elasticsearch.common.netty.channel.socket.nio.NioWorker.read(NioWorker.java:64)
	at org.elasticsearch.common.netty.channel.socket.nio.AbstractNioWorker.process(AbstractNioWorker.java:108)
	at org.elasticsearch.common.netty.channel.socket.nio.AbstractNioSelector.run(AbstractNioSelector.java:318)
	at org.elasticsearch.common.netty.channel.socket.nio.AbstractNioWorker.run(AbstractNioWorker.java:89)
	at org.elasticsearch.common.netty.channel.socket.nio.NioWorker.run(NioWorker.java:178)
	at org.elasticsearch.common.netty.util.ThreadRenamingRunnable.run(ThreadRenamingRunnable.java:108)
	at org.elasticsearch.common.netty.util.internal.DeadLockProofWorker$1.run(DeadLockProofWorker.java:42)
	at java.util.concurrent.ThreadPoolExecutor.runWorker(ThreadPoolExecutor.java:1142)
	at java.util.concurrent.ThreadPoolExecutor$Worker.run(ThreadPoolExecutor.java:617)
	at java.lang.Thread.run(Thread.java:745)
[2016-05-27 03:29:54,844][WARN ][transport.netty          ] [uberlog] exception caught on transport layer [[id: 0x48d99c90, /157.26.108.26:50559 => /157.26.108.26:9300]], closing connection
java.io.IOException: Operation timed out
	at sun.nio.ch.FileDispatcherImpl.read0(Native Method)
	at sun.nio.ch.SocketDispatcher.read(SocketDispatcher.java:39)
	at sun.nio.ch.IOUtil.readIntoNativeBuffer(IOUtil.java:223)
	at sun.nio.ch.IOUtil.read(IOUtil.java:192)
	at sun.nio.ch.SocketChannelImpl.read(SocketChannelImpl.java:380)
	at org.elasticsearch.common.netty.channel.socket.nio.NioWorker.read(NioWorker.java:64)
	at org.elasticsearch.common.netty.channel.socket.nio.AbstractNioWorker.process(AbstractNioWorker.java:108)
	at org.elasticsearch.common.netty.channel.socket.nio.AbstractNioSelector.run(AbstractNioSelector.java:318)
	at org.elasticsearch.common.netty.channel.socket.nio.AbstractNioWorker.run(AbstractNioWorker.java:89)
	at org.elasticsearch.common.netty.channel.socket.nio.NioWorker.run(NioWorker.java:178)
	at org.elasticsearch.common.netty.util.ThreadRenamingRunnable.run(ThreadRenamingRunnable.java:108)
	at org.elasticsearch.common.netty.util.internal.DeadLockProofWorker$1.run(DeadLockProofWorker.java:42)
	at java.util.concurrent.ThreadPoolExecutor.runWorker(ThreadPoolExecutor.java:1142)
	at java.util.concurrent.ThreadPoolExecutor$Worker.run(ThreadPoolExecutor.java:617)
	at java.lang.Thread.run(Thread.java:745)
[2016-05-27 03:29:54,842][WARN ][transport.netty          ] [uberlog] exception caught on transport layer [[id: 0x072f82f7, /157.26.108.26:50566 => /157.26.108.26:9300]], closing connection
java.io.IOException: Operation timed out
	at sun.nio.ch.FileDispatcherImpl.read0(Native Method)
	at sun.nio.ch.SocketDispatcher.read(SocketDispatcher.java:39)
	at sun.nio.ch.IOUtil.readIntoNativeBuffer(IOUtil.java:223)
	at sun.nio.ch.IOUtil.read(IOUtil.java:192)
	at sun.nio.ch.SocketChannelImpl.read(SocketChannelImpl.java:380)
	at org.elasticsearch.common.netty.channel.socket.nio.NioWorker.read(NioWorker.java:64)
	at org.elasticsearch.common.netty.channel.socket.nio.AbstractNioWorker.process(AbstractNioWorker.java:108)
	at org.elasticsearch.common.netty.channel.socket.nio.AbstractNioSelector.run(AbstractNioSelector.java:318)
	at org.elasticsearch.common.netty.channel.socket.nio.AbstractNioWorker.run(AbstractNioWorker.java:89)
	at org.elasticsearch.common.netty.channel.socket.nio.NioWorker.run(NioWorker.java:178)
	at org.elasticsearch.common.netty.util.ThreadRenamingRunnable.run(ThreadRenamingRunnable.java:108)
	at org.elasticsearch.common.netty.util.internal.DeadLockProofWorker$1.run(DeadLockProofWorker.java:42)
	at java.util.concurrent.ThreadPoolExecutor.runWorker(ThreadPoolExecutor.java:1142)
	at java.util.concurrent.ThreadPoolExecutor$Worker.run(ThreadPoolExecutor.java:617)
	at java.lang.Thread.run(Thread.java:745)
[2016-05-27 03:29:54,841][WARN ][transport.netty          ] [uberlog] exception caught on transport layer [[id: 0xf2c8c54b, /157.26.108.26:50560 => /157.26.108.26:9300]], closing connection
java.io.IOException: Operation timed out
	at sun.nio.ch.FileDispatcherImpl.read0(Native Method)
	at sun.nio.ch.SocketDispatcher.read(SocketDispatcher.java:39)
	at sun.nio.ch.IOUtil.readIntoNativeBuffer(IOUtil.java:223)
	at sun.nio.ch.IOUtil.read(IOUtil.java:192)
	at sun.nio.ch.SocketChannelImpl.read(SocketChannelImpl.java:380)
	at org.elasticsearch.common.netty.channel.socket.nio.NioWorker.read(NioWorker.java:64)
	at org.elasticsearch.common.netty.channel.socket.nio.AbstractNioWorker.process(AbstractNioWorker.java:108)
	at org.elasticsearch.common.netty.channel.socket.nio.AbstractNioSelector.run(AbstractNioSelector.java:318)
	at org.elasticsearch.common.netty.channel.socket.nio.AbstractNioWorker.run(AbstractNioWorker.java:89)
	at org.elasticsearch.common.netty.channel.socket.nio.NioWorker.run(NioWorker.java:178)
	at org.elasticsearch.common.netty.util.ThreadRenamingRunnable.run(ThreadRenamingRunnable.java:108)
	at org.elasticsearch.common.netty.util.internal.DeadLockProofWorker$1.run(DeadLockProofWorker.java:42)
	at java.util.concurrent.ThreadPoolExecutor.runWorker(ThreadPoolExecutor.java:1142)
	at java.util.concurrent.ThreadPoolExecutor$Worker.run(ThreadPoolExecutor.java:617)
	at java.lang.Thread.run(Thread.java:745)
[2016-05-27 03:29:54,853][WARN ][transport.netty          ] [uberlog] exception caught on transport layer [[id: 0xa931a8ea, /157.26.108.26:50565 => /157.26.108.26:9300]], closing connection
java.io.IOException: Operation timed out
	at sun.nio.ch.FileDispatcherImpl.read0(Native Method)
	at sun.nio.ch.SocketDispatcher.read(SocketDispatcher.java:39)
	at sun.nio.ch.IOUtil.readIntoNativeBuffer(IOUtil.java:223)
	at sun.nio.ch.IOUtil.read(IOUtil.java:192)
	at sun.nio.ch.SocketChannelImpl.read(SocketChannelImpl.java:380)
	at org.elasticsearch.common.netty.channel.socket.nio.NioWorker.read(NioWorker.java:64)
	at org.elasticsearch.common.netty.channel.socket.nio.AbstractNioWorker.process(AbstractNioWorker.java:108)
	at org.elasticsearch.common.netty.channel.socket.nio.AbstractNioSelector.run(AbstractNioSelector.java:318)
	at org.elasticsearch.common.netty.channel.socket.nio.AbstractNioWorker.run(AbstractNioWorker.java:89)
	at org.elasticsearch.common.netty.channel.socket.nio.NioWorker.run(NioWorker.java:178)
	at org.elasticsearch.common.netty.util.ThreadRenamingRunnable.run(ThreadRenamingRunnable.java:108)
	at org.elasticsearch.common.netty.util.internal.DeadLockProofWorker$1.run(DeadLockProofWorker.java:42)
	at java.util.concurrent.ThreadPoolExecutor.runWorker(ThreadPoolExecutor.java:1142)
	at java.util.concurrent.ThreadPoolExecutor$Worker.run(ThreadPoolExecutor.java:617)
	at java.lang.Thread.run(Thread.java:745)
[2016-05-27 03:29:55,596][WARN ][transport.netty          ] [uberlog] exception caught on transport layer [[id: 0x0fd18b99, /157.26.108.26:50563 => /157.26.108.26:9300]], closing connection
java.io.IOException: Operation timed out
	at sun.nio.ch.FileDispatcherImpl.read0(Native Method)
	at sun.nio.ch.SocketDispatcher.read(SocketDispatcher.java:39)
	at sun.nio.ch.IOUtil.readIntoNativeBuffer(IOUtil.java:223)
	at sun.nio.ch.IOUtil.read(IOUtil.java:192)
	at sun.nio.ch.SocketChannelImpl.read(SocketChannelImpl.java:380)
	at org.elasticsearch.common.netty.channel.socket.nio.NioWorker.read(NioWorker.java:64)
	at org.elasticsearch.common.netty.channel.socket.nio.AbstractNioWorker.process(AbstractNioWorker.java:108)
	at org.elasticsearch.common.netty.channel.socket.nio.AbstractNioSelector.run(AbstractNioSelector.java:318)
	at org.elasticsearch.common.netty.channel.socket.nio.AbstractNioWorker.run(AbstractNioWorker.java:89)
	at org.elasticsearch.common.netty.channel.socket.nio.NioWorker.run(NioWorker.java:178)
	at org.elasticsearch.common.netty.util.ThreadRenamingRunnable.run(ThreadRenamingRunnable.java:108)
	at org.elasticsearch.common.netty.util.internal.DeadLockProofWorker$1.run(DeadLockProofWorker.java:42)
	at java.util.concurrent.ThreadPoolExecutor.runWorker(ThreadPoolExecutor.java:1142)
	at java.util.concurrent.ThreadPoolExecutor$Worker.run(ThreadPoolExecutor.java:617)
	at java.lang.Thread.run(Thread.java:745)
[2016-05-27 03:29:57,374][WARN ][transport.netty          ] [uberlog] exception caught on transport layer [[id: 0x8f2a8a8f, /157.26.108.26:50564 => /157.26.108.26:9300]], closing connection
java.io.IOException: Operation timed out
	at sun.nio.ch.FileDispatcherImpl.read0(Native Method)
	at sun.nio.ch.SocketDispatcher.read(SocketDispatcher.java:39)
	at sun.nio.ch.IOUtil.readIntoNativeBuffer(IOUtil.java:223)
	at sun.nio.ch.IOUtil.read(IOUtil.java:192)
	at sun.nio.ch.SocketChannelImpl.read(SocketChannelImpl.java:380)
	at org.elasticsearch.common.netty.channel.socket.nio.NioWorker.read(NioWorker.java:64)
	at org.elasticsearch.common.netty.channel.socket.nio.AbstractNioWorker.process(AbstractNioWorker.java:108)
	at org.elasticsearch.common.netty.channel.socket.nio.AbstractNioSelector.run(AbstractNioSelector.java:318)
	at org.elasticsearch.common.netty.channel.socket.nio.AbstractNioWorker.run(AbstractNioWorker.java:89)
	at org.elasticsearch.common.netty.channel.socket.nio.NioWorker.run(NioWorker.java:178)
	at org.elasticsearch.common.netty.util.ThreadRenamingRunnable.run(ThreadRenamingRunnable.java:108)
	at org.elasticsearch.common.netty.util.internal.DeadLockProofWorker$1.run(DeadLockProofWorker.java:42)
	at java.util.concurrent.ThreadPoolExecutor.runWorker(ThreadPoolExecutor.java:1142)
	at java.util.concurrent.ThreadPoolExecutor$Worker.run(ThreadPoolExecutor.java:617)
	at java.lang.Thread.run(Thread.java:745)
[2016-05-27 03:33:48,294][WARN ][cluster.service          ] [uberlog] failed to reconnect to node [uberlog][lXnSfKtcSdia39OnU_3JOw][MacBook-Pro-de-wassim.local][inet[/157.26.108.26:9300]]
org.elasticsearch.transport.ConnectTransportException: [uberlog][inet[/157.26.108.26:9300]] connect_timeout[30s]
	at org.elasticsearch.transport.netty.NettyTransport.connectToChannels(NettyTransport.java:807)
	at org.elasticsearch.transport.netty.NettyTransport.connectToNode(NettyTransport.java:741)
	at org.elasticsearch.transport.netty.NettyTransport.connectToNode(NettyTransport.java:714)
	at org.elasticsearch.transport.TransportService.connectToNode(TransportService.java:150)
	at org.elasticsearch.cluster.service.InternalClusterService$ReconnectToNodes.run(InternalClusterService.java:521)
	at java.util.concurrent.ThreadPoolExecutor.runWorker(ThreadPoolExecutor.java:1142)
	at java.util.concurrent.ThreadPoolExecutor$Worker.run(ThreadPoolExecutor.java:617)
	at java.lang.Thread.run(Thread.java:745)
Caused by: org.elasticsearch.common.netty.channel.ConnectTimeoutException: connection timed out: /157.26.108.26:9300
	at org.elasticsearch.common.netty.channel.socket.nio.NioClientBoss.processConnectTimeout(NioClientBoss.java:139)
	at org.elasticsearch.common.netty.channel.socket.nio.NioClientBoss.process(NioClientBoss.java:83)
	at org.elasticsearch.common.netty.channel.socket.nio.AbstractNioSelector.run(AbstractNioSelector.java:318)
	at org.elasticsearch.common.netty.channel.socket.nio.NioClientBoss.run(NioClientBoss.java:42)
	at org.elasticsearch.common.netty.util.ThreadRenamingRunnable.run(ThreadRenamingRunnable.java:108)
	at org.elasticsearch.common.netty.util.internal.DeadLockProofWorker$1.run(DeadLockProofWorker.java:42)
	... 3 more
[2016-05-27 03:37:48,888][WARN ][cluster.service          ] [uberlog] failed to reconnect to node [uberlog][lXnSfKtcSdia39OnU_3JOw][MacBook-Pro-de-wassim.local][inet[/157.26.108.26:9300]]
org.elasticsearch.transport.ConnectTransportException: [uberlog][inet[/157.26.108.26:9300]] connect_timeout[30s]
	at org.elasticsearch.transport.netty.NettyTransport.connectToChannels(NettyTransport.java:807)
	at org.elasticsearch.transport.netty.NettyTransport.connectToNode(NettyTransport.java:741)
	at org.elasticsearch.transport.netty.NettyTransport.connectToNode(NettyTransport.java:714)
	at org.elasticsearch.transport.TransportService.connectToNode(TransportService.java:150)
	at org.elasticsearch.cluster.service.InternalClusterService$ReconnectToNodes.run(InternalClusterService.java:521)
	at java.util.concurrent.ThreadPoolExecutor.runWorker(ThreadPoolExecutor.java:1142)
	at java.util.concurrent.ThreadPoolExecutor$Worker.run(ThreadPoolExecutor.java:617)
	at java.lang.Thread.run(Thread.java:745)
Caused by: org.elasticsearch.common.netty.channel.ConnectTimeoutException: connection timed out: /157.26.108.26:9300
	at org.elasticsearch.common.netty.channel.socket.nio.NioClientBoss.processConnectTimeout(NioClientBoss.java:139)
	at org.elasticsearch.common.netty.channel.socket.nio.NioClientBoss.process(NioClientBoss.java:83)
	at org.elasticsearch.common.netty.channel.socket.nio.AbstractNioSelector.run(AbstractNioSelector.java:318)
	at org.elasticsearch.common.netty.channel.socket.nio.NioClientBoss.run(NioClientBoss.java:42)
	at org.elasticsearch.common.netty.util.ThreadRenamingRunnable.run(ThreadRenamingRunnable.java:108)
	at org.elasticsearch.common.netty.util.internal.DeadLockProofWorker$1.run(DeadLockProofWorker.java:42)
	... 3 more
[2016-05-27 03:41:49,480][WARN ][cluster.service          ] [uberlog] failed to reconnect to node [uberlog][lXnSfKtcSdia39OnU_3JOw][MacBook-Pro-de-wassim.local][inet[/157.26.108.26:9300]]
org.elasticsearch.transport.ConnectTransportException: [uberlog][inet[/157.26.108.26:9300]] connect_timeout[30s]
	at org.elasticsearch.transport.netty.NettyTransport.connectToChannels(NettyTransport.java:807)
	at org.elasticsearch.transport.netty.NettyTransport.connectToNode(NettyTransport.java:741)
	at org.elasticsearch.transport.netty.NettyTransport.connectToNode(NettyTransport.java:714)
	at org.elasticsearch.transport.TransportService.connectToNode(TransportService.java:150)
	at org.elasticsearch.cluster.service.InternalClusterService$ReconnectToNodes.run(InternalClusterService.java:521)
	at java.util.concurrent.ThreadPoolExecutor.runWorker(ThreadPoolExecutor.java:1142)
	at java.util.concurrent.ThreadPoolExecutor$Worker.run(ThreadPoolExecutor.java:617)
	at java.lang.Thread.run(Thread.java:745)
Caused by: org.elasticsearch.common.netty.channel.ConnectTimeoutException: connection timed out: /157.26.108.26:9300
	at org.elasticsearch.common.netty.channel.socket.nio.NioClientBoss.processConnectTimeout(NioClientBoss.java:139)
	at org.elasticsearch.common.netty.channel.socket.nio.NioClientBoss.process(NioClientBoss.java:83)
	at org.elasticsearch.common.netty.channel.socket.nio.AbstractNioSelector.run(AbstractNioSelector.java:318)
	at org.elasticsearch.common.netty.channel.socket.nio.NioClientBoss.run(NioClientBoss.java:42)
	at org.elasticsearch.common.netty.util.ThreadRenamingRunnable.run(ThreadRenamingRunnable.java:108)
	at org.elasticsearch.common.netty.util.internal.DeadLockProofWorker$1.run(DeadLockProofWorker.java:42)
	... 3 more
[2016-05-27 03:45:50,073][WARN ][cluster.service          ] [uberlog] failed to reconnect to node [uberlog][lXnSfKtcSdia39OnU_3JOw][MacBook-Pro-de-wassim.local][inet[/157.26.108.26:9300]]
org.elasticsearch.transport.ConnectTransportException: [uberlog][inet[/157.26.108.26:9300]] connect_timeout[30s]
	at org.elasticsearch.transport.netty.NettyTransport.connectToChannels(NettyTransport.java:807)
	at org.elasticsearch.transport.netty.NettyTransport.connectToNode(NettyTransport.java:741)
	at org.elasticsearch.transport.netty.NettyTransport.connectToNode(NettyTransport.java:714)
	at org.elasticsearch.transport.TransportService.connectToNode(TransportService.java:150)
	at org.elasticsearch.cluster.service.InternalClusterService$ReconnectToNodes.run(InternalClusterService.java:521)
	at java.util.concurrent.ThreadPoolExecutor.runWorker(ThreadPoolExecutor.java:1142)
	at java.util.concurrent.ThreadPoolExecutor$Worker.run(ThreadPoolExecutor.java:617)
	at java.lang.Thread.run(Thread.java:745)
Caused by: org.elasticsearch.common.netty.channel.ConnectTimeoutException: connection timed out: /157.26.108.26:9300
	at org.elasticsearch.common.netty.channel.socket.nio.NioClientBoss.processConnectTimeout(NioClientBoss.java:139)
	at org.elasticsearch.common.netty.channel.socket.nio.NioClientBoss.process(NioClientBoss.java:83)
	at org.elasticsearch.common.netty.channel.socket.nio.AbstractNioSelector.run(AbstractNioSelector.java:318)
	at org.elasticsearch.common.netty.channel.socket.nio.NioClientBoss.run(NioClientBoss.java:42)
	at org.elasticsearch.common.netty.util.ThreadRenamingRunnable.run(ThreadRenamingRunnable.java:108)
	at org.elasticsearch.common.netty.util.internal.DeadLockProofWorker$1.run(DeadLockProofWorker.java:42)
	... 3 more
[2016-05-27 03:49:50,668][WARN ][cluster.service          ] [uberlog] failed to reconnect to node [uberlog][lXnSfKtcSdia39OnU_3JOw][MacBook-Pro-de-wassim.local][inet[/157.26.108.26:9300]]
org.elasticsearch.transport.ConnectTransportException: [uberlog][inet[/157.26.108.26:9300]] connect_timeout[30s]
	at org.elasticsearch.transport.netty.NettyTransport.connectToChannels(NettyTransport.java:807)
	at org.elasticsearch.transport.netty.NettyTransport.connectToNode(NettyTransport.java:741)
	at org.elasticsearch.transport.netty.NettyTransport.connectToNode(NettyTransport.java:714)
	at org.elasticsearch.transport.TransportService.connectToNode(TransportService.java:150)
	at org.elasticsearch.cluster.service.InternalClusterService$ReconnectToNodes.run(InternalClusterService.java:521)
	at java.util.concurrent.ThreadPoolExecutor.runWorker(ThreadPoolExecutor.java:1142)
	at java.util.concurrent.ThreadPoolExecutor$Worker.run(ThreadPoolExecutor.java:617)
	at java.lang.Thread.run(Thread.java:745)
Caused by: org.elasticsearch.common.netty.channel.ConnectTimeoutException: connection timed out: /157.26.108.26:9300
	at org.elasticsearch.common.netty.channel.socket.nio.NioClientBoss.processConnectTimeout(NioClientBoss.java:139)
	at org.elasticsearch.common.netty.channel.socket.nio.NioClientBoss.process(NioClientBoss.java:83)
	at org.elasticsearch.common.netty.channel.socket.nio.AbstractNioSelector.run(AbstractNioSelector.java:318)
	at org.elasticsearch.common.netty.channel.socket.nio.NioClientBoss.run(NioClientBoss.java:42)
	at org.elasticsearch.common.netty.util.ThreadRenamingRunnable.run(ThreadRenamingRunnable.java:108)
	at org.elasticsearch.common.netty.util.internal.DeadLockProofWorker$1.run(DeadLockProofWorker.java:42)
	... 3 more
[2016-05-27 03:51:55,139][DEBUG][action.search.type       ] [uberlog] [uberlog][3], node[lXnSfKtcSdia39OnU_3JOw], [P], s[STARTED]: Failed to execute [org.elasticsearch.action.search.SearchRequest@5e260f31] lastShard [true]
org.elasticsearch.search.SearchParseException: [uberlog][3]: from[-1],size[-1]: Parse Failure [Failed to parse source [{"query":{"bool":{"must":[{"fuzzy":{"templateGroups.name":{}}}],"must_not":[],"should":[]}},"from":0,"size":10,"sort":[],"aggs":{}}]]
	at org.elasticsearch.search.SearchService.parseSource(SearchService.java:681)
	at org.elasticsearch.search.SearchService.createContext(SearchService.java:537)
	at org.elasticsearch.search.SearchService.createAndPutContext(SearchService.java:509)
	at org.elasticsearch.search.SearchService.executeQueryPhase(SearchService.java:264)
	at org.elasticsearch.search.action.SearchServiceTransportAction$5.call(SearchServiceTransportAction.java:231)
	at org.elasticsearch.search.action.SearchServiceTransportAction$5.call(SearchServiceTransportAction.java:228)
	at org.elasticsearch.search.action.SearchServiceTransportAction$23.run(SearchServiceTransportAction.java:559)
	at java.util.concurrent.ThreadPoolExecutor.runWorker(ThreadPoolExecutor.java:1142)
	at java.util.concurrent.ThreadPoolExecutor$Worker.run(ThreadPoolExecutor.java:617)
	at java.lang.Thread.run(Thread.java:745)
Caused by: org.elasticsearch.index.query.QueryParsingException: [uberlog] No value specified for fuzzy query
	at org.elasticsearch.index.query.FuzzyQueryParser.parse(FuzzyQueryParser.java:112)
	at org.elasticsearch.index.query.QueryParseContext.parseInnerQuery(QueryParseContext.java:277)
	at org.elasticsearch.index.query.BoolQueryParser.parse(BoolQueryParser.java:93)
	at org.elasticsearch.index.query.QueryParseContext.parseInnerQuery(QueryParseContext.java:277)
	at org.elasticsearch.index.query.IndexQueryParserService.innerParse(IndexQueryParserService.java:382)
	at org.elasticsearch.index.query.IndexQueryParserService.parse(IndexQueryParserService.java:281)
	at org.elasticsearch.index.query.IndexQueryParserService.parse(IndexQueryParserService.java:276)
	at org.elasticsearch.search.query.QueryParseElement.parse(QueryParseElement.java:33)
	at org.elasticsearch.search.SearchService.parseSource(SearchService.java:665)
	... 9 more
[2016-05-27 03:51:55,139][DEBUG][action.search.type       ] [uberlog] [uberlog][0], node[lXnSfKtcSdia39OnU_3JOw], [P], s[STARTED]: Failed to execute [org.elasticsearch.action.search.SearchRequest@5e260f31] lastShard [true]
org.elasticsearch.search.SearchParseException: [uberlog][0]: from[-1],size[-1]: Parse Failure [Failed to parse source [{"query":{"bool":{"must":[{"fuzzy":{"templateGroups.name":{}}}],"must_not":[],"should":[]}},"from":0,"size":10,"sort":[],"aggs":{}}]]
	at org.elasticsearch.search.SearchService.parseSource(SearchService.java:681)
	at org.elasticsearch.search.SearchService.createContext(SearchService.java:537)
	at org.elasticsearch.search.SearchService.createAndPutContext(SearchService.java:509)
	at org.elasticsearch.search.SearchService.executeQueryPhase(SearchService.java:264)
	at org.elasticsearch.search.action.SearchServiceTransportAction$5.call(SearchServiceTransportAction.java:231)
	at org.elasticsearch.search.action.SearchServiceTransportAction$5.call(SearchServiceTransportAction.java:228)
	at org.elasticsearch.search.action.SearchServiceTransportAction$23.run(SearchServiceTransportAction.java:559)
	at java.util.concurrent.ThreadPoolExecutor.runWorker(ThreadPoolExecutor.java:1142)
	at java.util.concurrent.ThreadPoolExecutor$Worker.run(ThreadPoolExecutor.java:617)
	at java.lang.Thread.run(Thread.java:745)
Caused by: org.elasticsearch.index.query.QueryParsingException: [uberlog] No value specified for fuzzy query
	at org.elasticsearch.index.query.FuzzyQueryParser.parse(FuzzyQueryParser.java:112)
	at org.elasticsearch.index.query.QueryParseContext.parseInnerQuery(QueryParseContext.java:277)
	at org.elasticsearch.index.query.BoolQueryParser.parse(BoolQueryParser.java:93)
	at org.elasticsearch.index.query.QueryParseContext.parseInnerQuery(QueryParseContext.java:277)
	at org.elasticsearch.index.query.IndexQueryParserService.innerParse(IndexQueryParserService.java:382)
	at org.elasticsearch.index.query.IndexQueryParserService.parse(IndexQueryParserService.java:281)
	at org.elasticsearch.index.query.IndexQueryParserService.parse(IndexQueryParserService.java:276)
	at org.elasticsearch.search.query.QueryParseElement.parse(QueryParseElement.java:33)
	at org.elasticsearch.search.SearchService.parseSource(SearchService.java:665)
	... 9 more
[2016-05-27 03:51:55,139][DEBUG][action.search.type       ] [uberlog] [uberlog][1], node[lXnSfKtcSdia39OnU_3JOw], [P], s[STARTED]: Failed to execute [org.elasticsearch.action.search.SearchRequest@5e260f31]
org.elasticsearch.search.SearchParseException: [uberlog][1]: from[-1],size[-1]: Parse Failure [Failed to parse source [{"query":{"bool":{"must":[{"fuzzy":{"templateGroups.name":{}}}],"must_not":[],"should":[]}},"from":0,"size":10,"sort":[],"aggs":{}}]]
	at org.elasticsearch.search.SearchService.parseSource(SearchService.java:681)
	at org.elasticsearch.search.SearchService.createContext(SearchService.java:537)
	at org.elasticsearch.search.SearchService.createAndPutContext(SearchService.java:509)
	at org.elasticsearch.search.SearchService.executeQueryPhase(SearchService.java:264)
	at org.elasticsearch.search.action.SearchServiceTransportAction$5.call(SearchServiceTransportAction.java:231)
	at org.elasticsearch.search.action.SearchServiceTransportAction$5.call(SearchServiceTransportAction.java:228)
	at org.elasticsearch.search.action.SearchServiceTransportAction$23.run(SearchServiceTransportAction.java:559)
	at java.util.concurrent.ThreadPoolExecutor.runWorker(ThreadPoolExecutor.java:1142)
	at java.util.concurrent.ThreadPoolExecutor$Worker.run(ThreadPoolExecutor.java:617)
	at java.lang.Thread.run(Thread.java:745)
Caused by: org.elasticsearch.index.query.QueryParsingException: [uberlog] No value specified for fuzzy query
	at org.elasticsearch.index.query.FuzzyQueryParser.parse(FuzzyQueryParser.java:112)
	at org.elasticsearch.index.query.QueryParseContext.parseInnerQuery(QueryParseContext.java:277)
	at org.elasticsearch.index.query.BoolQueryParser.parse(BoolQueryParser.java:93)
	at org.elasticsearch.index.query.QueryParseContext.parseInnerQuery(QueryParseContext.java:277)
	at org.elasticsearch.index.query.IndexQueryParserService.innerParse(IndexQueryParserService.java:382)
	at org.elasticsearch.index.query.IndexQueryParserService.parse(IndexQueryParserService.java:281)
	at org.elasticsearch.index.query.IndexQueryParserService.parse(IndexQueryParserService.java:276)
	at org.elasticsearch.search.query.QueryParseElement.parse(QueryParseElement.java:33)
	at org.elasticsearch.search.SearchService.parseSource(SearchService.java:665)
	... 9 more
[2016-05-27 03:51:55,139][DEBUG][action.search.type       ] [uberlog] [uberlog][2], node[lXnSfKtcSdia39OnU_3JOw], [P], s[STARTED]: Failed to execute [org.elasticsearch.action.search.SearchRequest@5e260f31] lastShard [true]
org.elasticsearch.search.SearchParseException: [uberlog][2]: from[-1],size[-1]: Parse Failure [Failed to parse source [{"query":{"bool":{"must":[{"fuzzy":{"templateGroups.name":{}}}],"must_not":[],"should":[]}},"from":0,"size":10,"sort":[],"aggs":{}}]]
	at org.elasticsearch.search.SearchService.parseSource(SearchService.java:681)
	at org.elasticsearch.search.SearchService.createContext(SearchService.java:537)
	at org.elasticsearch.search.SearchService.createAndPutContext(SearchService.java:509)
	at org.elasticsearch.search.SearchService.executeQueryPhase(SearchService.java:264)
	at org.elasticsearch.search.action.SearchServiceTransportAction$5.call(SearchServiceTransportAction.java:231)
	at org.elasticsearch.search.action.SearchServiceTransportAction$5.call(SearchServiceTransportAction.java:228)
	at org.elasticsearch.search.action.SearchServiceTransportAction$23.run(SearchServiceTransportAction.java:559)
	at java.util.concurrent.ThreadPoolExecutor.runWorker(ThreadPoolExecutor.java:1142)
	at java.util.concurrent.ThreadPoolExecutor$Worker.run(ThreadPoolExecutor.java:617)
	at java.lang.Thread.run(Thread.java:745)
Caused by: org.elasticsearch.index.query.QueryParsingException: [uberlog] No value specified for fuzzy query
	at org.elasticsearch.index.query.FuzzyQueryParser.parse(FuzzyQueryParser.java:112)
	at org.elasticsearch.index.query.QueryParseContext.parseInnerQuery(QueryParseContext.java:277)
	at org.elasticsearch.index.query.BoolQueryParser.parse(BoolQueryParser.java:93)
	at org.elasticsearch.index.query.QueryParseContext.parseInnerQuery(QueryParseContext.java:277)
	at org.elasticsearch.index.query.IndexQueryParserService.innerParse(IndexQueryParserService.java:382)
	at org.elasticsearch.index.query.IndexQueryParserService.parse(IndexQueryParserService.java:281)
	at org.elasticsearch.index.query.IndexQueryParserService.parse(IndexQueryParserService.java:276)
	at org.elasticsearch.search.query.QueryParseElement.parse(QueryParseElement.java:33)
	at org.elasticsearch.search.SearchService.parseSource(SearchService.java:665)
	... 9 more
[2016-05-27 03:51:55,139][DEBUG][action.search.type       ] [uberlog] [uberlog][4], node[lXnSfKtcSdia39OnU_3JOw], [P], s[STARTED]: Failed to execute [org.elasticsearch.action.search.SearchRequest@5e260f31] lastShard [true]
org.elasticsearch.search.SearchParseException: [uberlog][4]: from[-1],size[-1]: Parse Failure [Failed to parse source [{"query":{"bool":{"must":[{"fuzzy":{"templateGroups.name":{}}}],"must_not":[],"should":[]}},"from":0,"size":10,"sort":[],"aggs":{}}]]
	at org.elasticsearch.search.SearchService.parseSource(SearchService.java:681)
	at org.elasticsearch.search.SearchService.createContext(SearchService.java:537)
	at org.elasticsearch.search.SearchService.createAndPutContext(SearchService.java:509)
	at org.elasticsearch.search.SearchService.executeQueryPhase(SearchService.java:264)
	at org.elasticsearch.search.action.SearchServiceTransportAction$5.call(SearchServiceTransportAction.java:231)
	at org.elasticsearch.search.action.SearchServiceTransportAction$5.call(SearchServiceTransportAction.java:228)
	at org.elasticsearch.search.action.SearchServiceTransportAction$23.run(SearchServiceTransportAction.java:559)
	at java.util.concurrent.ThreadPoolExecutor.runWorker(ThreadPoolExecutor.java:1142)
	at java.util.concurrent.ThreadPoolExecutor$Worker.run(ThreadPoolExecutor.java:617)
	at java.lang.Thread.run(Thread.java:745)
Caused by: org.elasticsearch.index.query.QueryParsingException: [uberlog] No value specified for fuzzy query
	at org.elasticsearch.index.query.FuzzyQueryParser.parse(FuzzyQueryParser.java:112)
	at org.elasticsearch.index.query.QueryParseContext.parseInnerQuery(QueryParseContext.java:277)
	at org.elasticsearch.index.query.BoolQueryParser.parse(BoolQueryParser.java:93)
	at org.elasticsearch.index.query.QueryParseContext.parseInnerQuery(QueryParseContext.java:277)
	at org.elasticsearch.index.query.IndexQueryParserService.innerParse(IndexQueryParserService.java:382)
	at org.elasticsearch.index.query.IndexQueryParserService.parse(IndexQueryParserService.java:281)
	at org.elasticsearch.index.query.IndexQueryParserService.parse(IndexQueryParserService.java:276)
	at org.elasticsearch.search.query.QueryParseElement.parse(QueryParseElement.java:33)
	at org.elasticsearch.search.SearchService.parseSource(SearchService.java:665)
	... 9 more
[2016-05-27 03:51:55,141][DEBUG][action.search.type       ] [uberlog] All shards failed for phase: [query]
[2016-05-27 03:51:55,959][DEBUG][action.search.type       ] [uberlog] [uberlog][0], node[lXnSfKtcSdia39OnU_3JOw], [P], s[STARTED]: Failed to execute [org.elasticsearch.action.search.SearchRequest@692e990e] lastShard [true]
org.elasticsearch.search.SearchParseException: [uberlog][0]: from[-1],size[-1]: Parse Failure [Failed to parse source [{"query":{"bool":{"must":[{"fuzzy":{"templateGroups.name":{}}}],"must_not":[],"should":[]}},"from":0,"size":10,"sort":[],"aggs":{}}]]
	at org.elasticsearch.search.SearchService.parseSource(SearchService.java:681)
	at org.elasticsearch.search.SearchService.createContext(SearchService.java:537)
	at org.elasticsearch.search.SearchService.createAndPutContext(SearchService.java:509)
	at org.elasticsearch.search.SearchService.executeQueryPhase(SearchService.java:264)
	at org.elasticsearch.search.action.SearchServiceTransportAction$5.call(SearchServiceTransportAction.java:231)
	at org.elasticsearch.search.action.SearchServiceTransportAction$5.call(SearchServiceTransportAction.java:228)
	at org.elasticsearch.search.action.SearchServiceTransportAction$23.run(SearchServiceTransportAction.java:559)
	at java.util.concurrent.ThreadPoolExecutor.runWorker(ThreadPoolExecutor.java:1142)
	at java.util.concurrent.ThreadPoolExecutor$Worker.run(ThreadPoolExecutor.java:617)
	at java.lang.Thread.run(Thread.java:745)
Caused by: org.elasticsearch.index.query.QueryParsingException: [uberlog] No value specified for fuzzy query
	at org.elasticsearch.index.query.FuzzyQueryParser.parse(FuzzyQueryParser.java:112)
	at org.elasticsearch.index.query.QueryParseContext.parseInnerQuery(QueryParseContext.java:277)
	at org.elasticsearch.index.query.BoolQueryParser.parse(BoolQueryParser.java:93)
	at org.elasticsearch.index.query.QueryParseContext.parseInnerQuery(QueryParseContext.java:277)
	at org.elasticsearch.index.query.IndexQueryParserService.innerParse(IndexQueryParserService.java:382)
	at org.elasticsearch.index.query.IndexQueryParserService.parse(IndexQueryParserService.java:281)
	at org.elasticsearch.index.query.IndexQueryParserService.parse(IndexQueryParserService.java:276)
	at org.elasticsearch.search.query.QueryParseElement.parse(QueryParseElement.java:33)
	at org.elasticsearch.search.SearchService.parseSource(SearchService.java:665)
	... 9 more
[2016-05-27 03:51:55,960][DEBUG][action.search.type       ] [uberlog] [uberlog][2], node[lXnSfKtcSdia39OnU_3JOw], [P], s[STARTED]: Failed to execute [org.elasticsearch.action.search.SearchRequest@692e990e] lastShard [true]
org.elasticsearch.search.SearchParseException: [uberlog][2]: from[-1],size[-1]: Parse Failure [Failed to parse source [{"query":{"bool":{"must":[{"fuzzy":{"templateGroups.name":{}}}],"must_not":[],"should":[]}},"from":0,"size":10,"sort":[],"aggs":{}}]]
	at org.elasticsearch.search.SearchService.parseSource(SearchService.java:681)
	at org.elasticsearch.search.SearchService.createContext(SearchService.java:537)
	at org.elasticsearch.search.SearchService.createAndPutContext(SearchService.java:509)
	at org.elasticsearch.search.SearchService.executeQueryPhase(SearchService.java:264)
	at org.elasticsearch.search.action.SearchServiceTransportAction$5.call(SearchServiceTransportAction.java:231)
	at org.elasticsearch.search.action.SearchServiceTransportAction$5.call(SearchServiceTransportAction.java:228)
	at org.elasticsearch.search.action.SearchServiceTransportAction$23.run(SearchServiceTransportAction.java:559)
	at java.util.concurrent.ThreadPoolExecutor.runWorker(ThreadPoolExecutor.java:1142)
	at java.util.concurrent.ThreadPoolExecutor$Worker.run(ThreadPoolExecutor.java:617)
	at java.lang.Thread.run(Thread.java:745)
Caused by: org.elasticsearch.index.query.QueryParsingException: [uberlog] No value specified for fuzzy query
	at org.elasticsearch.index.query.FuzzyQueryParser.parse(FuzzyQueryParser.java:112)
	at org.elasticsearch.index.query.QueryParseContext.parseInnerQuery(QueryParseContext.java:277)
	at org.elasticsearch.index.query.BoolQueryParser.parse(BoolQueryParser.java:93)
	at org.elasticsearch.index.query.QueryParseContext.parseInnerQuery(QueryParseContext.java:277)
	at org.elasticsearch.index.query.IndexQueryParserService.innerParse(IndexQueryParserService.java:382)
	at org.elasticsearch.index.query.IndexQueryParserService.parse(IndexQueryParserService.java:281)
	at org.elasticsearch.index.query.IndexQueryParserService.parse(IndexQueryParserService.java:276)
	at org.elasticsearch.search.query.QueryParseElement.parse(QueryParseElement.java:33)
	at org.elasticsearch.search.SearchService.parseSource(SearchService.java:665)
	... 9 more
[2016-05-27 03:51:55,959][DEBUG][action.search.type       ] [uberlog] [uberlog][4], node[lXnSfKtcSdia39OnU_3JOw], [P], s[STARTED]: Failed to execute [org.elasticsearch.action.search.SearchRequest@692e990e] lastShard [true]
org.elasticsearch.search.SearchParseException: [uberlog][4]: from[-1],size[-1]: Parse Failure [Failed to parse source [{"query":{"bool":{"must":[{"fuzzy":{"templateGroups.name":{}}}],"must_not":[],"should":[]}},"from":0,"size":10,"sort":[],"aggs":{}}]]
	at org.elasticsearch.search.SearchService.parseSource(SearchService.java:681)
	at org.elasticsearch.search.SearchService.createContext(SearchService.java:537)
	at org.elasticsearch.search.SearchService.createAndPutContext(SearchService.java:509)
	at org.elasticsearch.search.SearchService.executeQueryPhase(SearchService.java:264)
	at org.elasticsearch.search.action.SearchServiceTransportAction$5.call(SearchServiceTransportAction.java:231)
	at org.elasticsearch.search.action.SearchServiceTransportAction$5.call(SearchServiceTransportAction.java:228)
	at org.elasticsearch.search.action.SearchServiceTransportAction$23.run(SearchServiceTransportAction.java:559)
	at java.util.concurrent.ThreadPoolExecutor.runWorker(ThreadPoolExecutor.java:1142)
	at java.util.concurrent.ThreadPoolExecutor$Worker.run(ThreadPoolExecutor.java:617)
	at java.lang.Thread.run(Thread.java:745)
Caused by: org.elasticsearch.index.query.QueryParsingException: [uberlog] No value specified for fuzzy query
	at org.elasticsearch.index.query.FuzzyQueryParser.parse(FuzzyQueryParser.java:112)
	at org.elasticsearch.index.query.QueryParseContext.parseInnerQuery(QueryParseContext.java:277)
	at org.elasticsearch.index.query.BoolQueryParser.parse(BoolQueryParser.java:93)
	at org.elasticsearch.index.query.QueryParseContext.parseInnerQuery(QueryParseContext.java:277)
	at org.elasticsearch.index.query.IndexQueryParserService.innerParse(IndexQueryParserService.java:382)
	at org.elasticsearch.index.query.IndexQueryParserService.parse(IndexQueryParserService.java:281)
	at org.elasticsearch.index.query.IndexQueryParserService.parse(IndexQueryParserService.java:276)
	at org.elasticsearch.search.query.QueryParseElement.parse(QueryParseElement.java:33)
	at org.elasticsearch.search.SearchService.parseSource(SearchService.java:665)
	... 9 more
[2016-05-27 03:51:55,959][DEBUG][action.search.type       ] [uberlog] [uberlog][3], node[lXnSfKtcSdia39OnU_3JOw], [P], s[STARTED]: Failed to execute [org.elasticsearch.action.search.SearchRequest@692e990e] lastShard [true]
org.elasticsearch.search.SearchParseException: [uberlog][3]: from[-1],size[-1]: Parse Failure [Failed to parse source [{"query":{"bool":{"must":[{"fuzzy":{"templateGroups.name":{}}}],"must_not":[],"should":[]}},"from":0,"size":10,"sort":[],"aggs":{}}]]
	at org.elasticsearch.search.SearchService.parseSource(SearchService.java:681)
	at org.elasticsearch.search.SearchService.createContext(SearchService.java:537)
	at org.elasticsearch.search.SearchService.createAndPutContext(SearchService.java:509)
	at org.elasticsearch.search.SearchService.executeQueryPhase(SearchService.java:264)
	at org.elasticsearch.search.action.SearchServiceTransportAction$5.call(SearchServiceTransportAction.java:231)
	at org.elasticsearch.search.action.SearchServiceTransportAction$5.call(SearchServiceTransportAction.java:228)
	at org.elasticsearch.search.action.SearchServiceTransportAction$23.run(SearchServiceTransportAction.java:559)
	at java.util.concurrent.ThreadPoolExecutor.runWorker(ThreadPoolExecutor.java:1142)
	at java.util.concurrent.ThreadPoolExecutor$Worker.run(ThreadPoolExecutor.java:617)
	at java.lang.Thread.run(Thread.java:745)
Caused by: org.elasticsearch.index.query.QueryParsingException: [uberlog] No value specified for fuzzy query
	at org.elasticsearch.index.query.FuzzyQueryParser.parse(FuzzyQueryParser.java:112)
	at org.elasticsearch.index.query.QueryParseContext.parseInnerQuery(QueryParseContext.java:277)
	at org.elasticsearch.index.query.BoolQueryParser.parse(BoolQueryParser.java:93)
	at org.elasticsearch.index.query.QueryParseContext.parseInnerQuery(QueryParseContext.java:277)
	at org.elasticsearch.index.query.IndexQueryParserService.innerParse(IndexQueryParserService.java:382)
	at org.elasticsearch.index.query.IndexQueryParserService.parse(IndexQueryParserService.java:281)
	at org.elasticsearch.index.query.IndexQueryParserService.parse(IndexQueryParserService.java:276)
	at org.elasticsearch.search.query.QueryParseElement.parse(QueryParseElement.java:33)
	at org.elasticsearch.search.SearchService.parseSource(SearchService.java:665)
	... 9 more
[2016-05-27 03:51:55,959][DEBUG][action.search.type       ] [uberlog] [uberlog][1], node[lXnSfKtcSdia39OnU_3JOw], [P], s[STARTED]: Failed to execute [org.elasticsearch.action.search.SearchRequest@692e990e]
org.elasticsearch.search.SearchParseException: [uberlog][1]: from[-1],size[-1]: Parse Failure [Failed to parse source [{"query":{"bool":{"must":[{"fuzzy":{"templateGroups.name":{}}}],"must_not":[],"should":[]}},"from":0,"size":10,"sort":[],"aggs":{}}]]
	at org.elasticsearch.search.SearchService.parseSource(SearchService.java:681)
	at org.elasticsearch.search.SearchService.createContext(SearchService.java:537)
	at org.elasticsearch.search.SearchService.createAndPutContext(SearchService.java:509)
	at org.elasticsearch.search.SearchService.executeQueryPhase(SearchService.java:264)
	at org.elasticsearch.search.action.SearchServiceTransportAction$5.call(SearchServiceTransportAction.java:231)
	at org.elasticsearch.search.action.SearchServiceTransportAction$5.call(SearchServiceTransportAction.java:228)
	at org.elasticsearch.search.action.SearchServiceTransportAction$23.run(SearchServiceTransportAction.java:559)
	at java.util.concurrent.ThreadPoolExecutor.runWorker(ThreadPoolExecutor.java:1142)
	at java.util.concurrent.ThreadPoolExecutor$Worker.run(ThreadPoolExecutor.java:617)
	at java.lang.Thread.run(Thread.java:745)
Caused by: org.elasticsearch.index.query.QueryParsingException: [uberlog] No value specified for fuzzy query
	at org.elasticsearch.index.query.FuzzyQueryParser.parse(FuzzyQueryParser.java:112)
	at org.elasticsearch.index.query.QueryParseContext.parseInnerQuery(QueryParseContext.java:277)
	at org.elasticsearch.index.query.BoolQueryParser.parse(BoolQueryParser.java:93)
	at org.elasticsearch.index.query.QueryParseContext.parseInnerQuery(QueryParseContext.java:277)
	at org.elasticsearch.index.query.IndexQueryParserService.innerParse(IndexQueryParserService.java:382)
	at org.elasticsearch.index.query.IndexQueryParserService.parse(IndexQueryParserService.java:281)
	at org.elasticsearch.index.query.IndexQueryParserService.parse(IndexQueryParserService.java:276)
	at org.elasticsearch.search.query.QueryParseElement.parse(QueryParseElement.java:33)
	at org.elasticsearch.search.SearchService.parseSource(SearchService.java:665)
	... 9 more
[2016-05-27 03:51:55,963][DEBUG][action.search.type       ] [uberlog] All shards failed for phase: [query]
[2016-05-27 03:52:11,469][DEBUG][action.search.type       ] [uberlog] [uberlog][3], node[lXnSfKtcSdia39OnU_3JOw], [P], s[STARTED]: Failed to execute [org.elasticsearch.action.search.SearchRequest@519663c3] lastShard [true]
org.elasticsearch.search.SearchParseException: [uberlog][3]: from[-1],size[-1]: Parse Failure [Failed to parse source [{"query":{"bool":{"must":[{"text":{"templateGroups.name":""}}],"must_not":[],"should":[]}},"from":0,"size":10,"sort":[],"aggs":{}}]]
	at org.elasticsearch.search.SearchService.parseSource(SearchService.java:681)
	at org.elasticsearch.search.SearchService.createContext(SearchService.java:537)
	at org.elasticsearch.search.SearchService.createAndPutContext(SearchService.java:509)
	at org.elasticsearch.search.SearchService.executeQueryPhase(SearchService.java:264)
	at org.elasticsearch.search.action.SearchServiceTransportAction$5.call(SearchServiceTransportAction.java:231)
	at org.elasticsearch.search.action.SearchServiceTransportAction$5.call(SearchServiceTransportAction.java:228)
	at org.elasticsearch.search.action.SearchServiceTransportAction$23.run(SearchServiceTransportAction.java:559)
	at java.util.concurrent.ThreadPoolExecutor.runWorker(ThreadPoolExecutor.java:1142)
	at java.util.concurrent.ThreadPoolExecutor$Worker.run(ThreadPoolExecutor.java:617)
	at java.lang.Thread.run(Thread.java:745)
Caused by: org.elasticsearch.index.query.QueryParsingException: [uberlog] No query registered for [text]
	at org.elasticsearch.index.query.QueryParseContext.parseInnerQuery(QueryParseContext.java:275)
	at org.elasticsearch.index.query.BoolQueryParser.parse(BoolQueryParser.java:93)
	at org.elasticsearch.index.query.QueryParseContext.parseInnerQuery(QueryParseContext.java:277)
	at org.elasticsearch.index.query.IndexQueryParserService.innerParse(IndexQueryParserService.java:382)
	at org.elasticsearch.index.query.IndexQueryParserService.parse(IndexQueryParserService.java:281)
	at org.elasticsearch.index.query.IndexQueryParserService.parse(IndexQueryParserService.java:276)
	at org.elasticsearch.search.query.QueryParseElement.parse(QueryParseElement.java:33)
	at org.elasticsearch.search.SearchService.parseSource(SearchService.java:665)
	... 9 more
[2016-05-27 03:52:11,470][DEBUG][action.search.type       ] [uberlog] [uberlog][0], node[lXnSfKtcSdia39OnU_3JOw], [P], s[STARTED]: Failed to execute [org.elasticsearch.action.search.SearchRequest@519663c3] lastShard [true]
org.elasticsearch.search.SearchParseException: [uberlog][0]: from[-1],size[-1]: Parse Failure [Failed to parse source [{"query":{"bool":{"must":[{"text":{"templateGroups.name":""}}],"must_not":[],"should":[]}},"from":0,"size":10,"sort":[],"aggs":{}}]]
	at org.elasticsearch.search.SearchService.parseSource(SearchService.java:681)
	at org.elasticsearch.search.SearchService.createContext(SearchService.java:537)
	at org.elasticsearch.search.SearchService.createAndPutContext(SearchService.java:509)
	at org.elasticsearch.search.SearchService.executeQueryPhase(SearchService.java:264)
	at org.elasticsearch.search.action.SearchServiceTransportAction$5.call(SearchServiceTransportAction.java:231)
	at org.elasticsearch.search.action.SearchServiceTransportAction$5.call(SearchServiceTransportAction.java:228)
	at org.elasticsearch.search.action.SearchServiceTransportAction$23.run(SearchServiceTransportAction.java:559)
	at java.util.concurrent.ThreadPoolExecutor.runWorker(ThreadPoolExecutor.java:1142)
	at java.util.concurrent.ThreadPoolExecutor$Worker.run(ThreadPoolExecutor.java:617)
	at java.lang.Thread.run(Thread.java:745)
Caused by: org.elasticsearch.index.query.QueryParsingException: [uberlog] No query registered for [text]
	at org.elasticsearch.index.query.QueryParseContext.parseInnerQuery(QueryParseContext.java:275)
	at org.elasticsearch.index.query.BoolQueryParser.parse(BoolQueryParser.java:93)
	at org.elasticsearch.index.query.QueryParseContext.parseInnerQuery(QueryParseContext.java:277)
	at org.elasticsearch.index.query.IndexQueryParserService.innerParse(IndexQueryParserService.java:382)
	at org.elasticsearch.index.query.IndexQueryParserService.parse(IndexQueryParserService.java:281)
	at org.elasticsearch.index.query.IndexQueryParserService.parse(IndexQueryParserService.java:276)
	at org.elasticsearch.search.query.QueryParseElement.parse(QueryParseElement.java:33)
	at org.elasticsearch.search.SearchService.parseSource(SearchService.java:665)
	... 9 more
[2016-05-27 03:52:11,470][DEBUG][action.search.type       ] [uberlog] [uberlog][2], node[lXnSfKtcSdia39OnU_3JOw], [P], s[STARTED]: Failed to execute [org.elasticsearch.action.search.SearchRequest@519663c3] lastShard [true]
org.elasticsearch.search.SearchParseException: [uberlog][2]: from[-1],size[-1]: Parse Failure [Failed to parse source [{"query":{"bool":{"must":[{"text":{"templateGroups.name":""}}],"must_not":[],"should":[]}},"from":0,"size":10,"sort":[],"aggs":{}}]]
	at org.elasticsearch.search.SearchService.parseSource(SearchService.java:681)
	at org.elasticsearch.search.SearchService.createContext(SearchService.java:537)
	at org.elasticsearch.search.SearchService.createAndPutContext(SearchService.java:509)
	at org.elasticsearch.search.SearchService.executeQueryPhase(SearchService.java:264)
	at org.elasticsearch.search.action.SearchServiceTransportAction$5.call(SearchServiceTransportAction.java:231)
	at org.elasticsearch.search.action.SearchServiceTransportAction$5.call(SearchServiceTransportAction.java:228)
	at org.elasticsearch.search.action.SearchServiceTransportAction$23.run(SearchServiceTransportAction.java:559)
	at java.util.concurrent.ThreadPoolExecutor.runWorker(ThreadPoolExecutor.java:1142)
	at java.util.concurrent.ThreadPoolExecutor$Worker.run(ThreadPoolExecutor.java:617)
	at java.lang.Thread.run(Thread.java:745)
Caused by: org.elasticsearch.index.query.QueryParsingException: [uberlog] No query registered for [text]
	at org.elasticsearch.index.query.QueryParseContext.parseInnerQuery(QueryParseContext.java:275)
	at org.elasticsearch.index.query.BoolQueryParser.parse(BoolQueryParser.java:93)
	at org.elasticsearch.index.query.QueryParseContext.parseInnerQuery(QueryParseContext.java:277)
	at org.elasticsearch.index.query.IndexQueryParserService.innerParse(IndexQueryParserService.java:382)
	at org.elasticsearch.index.query.IndexQueryParserService.parse(IndexQueryParserService.java:281)
	at org.elasticsearch.index.query.IndexQueryParserService.parse(IndexQueryParserService.java:276)
	at org.elasticsearch.search.query.QueryParseElement.parse(QueryParseElement.java:33)
	at org.elasticsearch.search.SearchService.parseSource(SearchService.java:665)
	... 9 more
[2016-05-27 03:52:11,470][DEBUG][action.search.type       ] [uberlog] [uberlog][4], node[lXnSfKtcSdia39OnU_3JOw], [P], s[STARTED]: Failed to execute [org.elasticsearch.action.search.SearchRequest@519663c3]
org.elasticsearch.search.SearchParseException: [uberlog][4]: from[-1],size[-1]: Parse Failure [Failed to parse source [{"query":{"bool":{"must":[{"text":{"templateGroups.name":""}}],"must_not":[],"should":[]}},"from":0,"size":10,"sort":[],"aggs":{}}]]
	at org.elasticsearch.search.SearchService.parseSource(SearchService.java:681)
	at org.elasticsearch.search.SearchService.createContext(SearchService.java:537)
	at org.elasticsearch.search.SearchService.createAndPutContext(SearchService.java:509)
	at org.elasticsearch.search.SearchService.executeQueryPhase(SearchService.java:264)
	at org.elasticsearch.search.action.SearchServiceTransportAction$5.call(SearchServiceTransportAction.java:231)
	at org.elasticsearch.search.action.SearchServiceTransportAction$5.call(SearchServiceTransportAction.java:228)
	at org.elasticsearch.search.action.SearchServiceTransportAction$23.run(SearchServiceTransportAction.java:559)
	at java.util.concurrent.ThreadPoolExecutor.runWorker(ThreadPoolExecutor.java:1142)
	at java.util.concurrent.ThreadPoolExecutor$Worker.run(ThreadPoolExecutor.java:617)
	at java.lang.Thread.run(Thread.java:745)
Caused by: org.elasticsearch.index.query.QueryParsingException: [uberlog] No query registered for [text]
	at org.elasticsearch.index.query.QueryParseContext.parseInnerQuery(QueryParseContext.java:275)
	at org.elasticsearch.index.query.BoolQueryParser.parse(BoolQueryParser.java:93)
	at org.elasticsearch.index.query.QueryParseContext.parseInnerQuery(QueryParseContext.java:277)
	at org.elasticsearch.index.query.IndexQueryParserService.innerParse(IndexQueryParserService.java:382)
	at org.elasticsearch.index.query.IndexQueryParserService.parse(IndexQueryParserService.java:281)
	at org.elasticsearch.index.query.IndexQueryParserService.parse(IndexQueryParserService.java:276)
	at org.elasticsearch.search.query.QueryParseElement.parse(QueryParseElement.java:33)
	at org.elasticsearch.search.SearchService.parseSource(SearchService.java:665)
	... 9 more
[2016-05-27 03:52:11,469][DEBUG][action.search.type       ] [uberlog] [uberlog][1], node[lXnSfKtcSdia39OnU_3JOw], [P], s[STARTED]: Failed to execute [org.elasticsearch.action.search.SearchRequest@519663c3] lastShard [true]
org.elasticsearch.search.SearchParseException: [uberlog][1]: from[-1],size[-1]: Parse Failure [Failed to parse source [{"query":{"bool":{"must":[{"text":{"templateGroups.name":""}}],"must_not":[],"should":[]}},"from":0,"size":10,"sort":[],"aggs":{}}]]
	at org.elasticsearch.search.SearchService.parseSource(SearchService.java:681)
	at org.elasticsearch.search.SearchService.createContext(SearchService.java:537)
	at org.elasticsearch.search.SearchService.createAndPutContext(SearchService.java:509)
	at org.elasticsearch.search.SearchService.executeQueryPhase(SearchService.java:264)
	at org.elasticsearch.search.action.SearchServiceTransportAction$5.call(SearchServiceTransportAction.java:231)
	at org.elasticsearch.search.action.SearchServiceTransportAction$5.call(SearchServiceTransportAction.java:228)
	at org.elasticsearch.search.action.SearchServiceTransportAction$23.run(SearchServiceTransportAction.java:559)
	at java.util.concurrent.ThreadPoolExecutor.runWorker(ThreadPoolExecutor.java:1142)
	at java.util.concurrent.ThreadPoolExecutor$Worker.run(ThreadPoolExecutor.java:617)
	at java.lang.Thread.run(Thread.java:745)
Caused by: org.elasticsearch.index.query.QueryParsingException: [uberlog] No query registered for [text]
	at org.elasticsearch.index.query.QueryParseContext.parseInnerQuery(QueryParseContext.java:275)
	at org.elasticsearch.index.query.BoolQueryParser.parse(BoolQueryParser.java:93)
	at org.elasticsearch.index.query.QueryParseContext.parseInnerQuery(QueryParseContext.java:277)
	at org.elasticsearch.index.query.IndexQueryParserService.innerParse(IndexQueryParserService.java:382)
	at org.elasticsearch.index.query.IndexQueryParserService.parse(IndexQueryParserService.java:281)
	at org.elasticsearch.index.query.IndexQueryParserService.parse(IndexQueryParserService.java:276)
	at org.elasticsearch.search.query.QueryParseElement.parse(QueryParseElement.java:33)
	at org.elasticsearch.search.SearchService.parseSource(SearchService.java:665)
	... 9 more
[2016-05-27 03:52:11,473][DEBUG][action.search.type       ] [uberlog] All shards failed for phase: [query]
[2016-05-27 03:53:51,259][WARN ][cluster.service          ] [uberlog] failed to reconnect to node [uberlog][lXnSfKtcSdia39OnU_3JOw][MacBook-Pro-de-wassim.local][inet[/157.26.108.26:9300]]
org.elasticsearch.transport.ConnectTransportException: [uberlog][inet[/157.26.108.26:9300]] connect_timeout[30s]
	at org.elasticsearch.transport.netty.NettyTransport.connectToChannels(NettyTransport.java:807)
	at org.elasticsearch.transport.netty.NettyTransport.connectToNode(NettyTransport.java:741)
	at org.elasticsearch.transport.netty.NettyTransport.connectToNode(NettyTransport.java:714)
	at org.elasticsearch.transport.TransportService.connectToNode(TransportService.java:150)
	at org.elasticsearch.cluster.service.InternalClusterService$ReconnectToNodes.run(InternalClusterService.java:521)
	at java.util.concurrent.ThreadPoolExecutor.runWorker(ThreadPoolExecutor.java:1142)
	at java.util.concurrent.ThreadPoolExecutor$Worker.run(ThreadPoolExecutor.java:617)
	at java.lang.Thread.run(Thread.java:745)
Caused by: org.elasticsearch.common.netty.channel.ConnectTimeoutException: connection timed out: /157.26.108.26:9300
	at org.elasticsearch.common.netty.channel.socket.nio.NioClientBoss.processConnectTimeout(NioClientBoss.java:139)
	at org.elasticsearch.common.netty.channel.socket.nio.NioClientBoss.process(NioClientBoss.java:83)
	at org.elasticsearch.common.netty.channel.socket.nio.AbstractNioSelector.run(AbstractNioSelector.java:318)
	at org.elasticsearch.common.netty.channel.socket.nio.NioClientBoss.run(NioClientBoss.java:42)
	at org.elasticsearch.common.netty.util.ThreadRenamingRunnable.run(ThreadRenamingRunnable.java:108)
	at org.elasticsearch.common.netty.util.internal.DeadLockProofWorker$1.run(DeadLockProofWorker.java:42)
	... 3 more
[2016-05-27 03:57:51,852][WARN ][cluster.service          ] [uberlog] failed to reconnect to node [uberlog][lXnSfKtcSdia39OnU_3JOw][MacBook-Pro-de-wassim.local][inet[/157.26.108.26:9300]]
org.elasticsearch.transport.ConnectTransportException: [uberlog][inet[/157.26.108.26:9300]] connect_timeout[30s]
	at org.elasticsearch.transport.netty.NettyTransport.connectToChannels(NettyTransport.java:807)
	at org.elasticsearch.transport.netty.NettyTransport.connectToNode(NettyTransport.java:741)
	at org.elasticsearch.transport.netty.NettyTransport.connectToNode(NettyTransport.java:714)
	at org.elasticsearch.transport.TransportService.connectToNode(TransportService.java:150)
	at org.elasticsearch.cluster.service.InternalClusterService$ReconnectToNodes.run(InternalClusterService.java:521)
	at java.util.concurrent.ThreadPoolExecutor.runWorker(ThreadPoolExecutor.java:1142)
	at java.util.concurrent.ThreadPoolExecutor$Worker.run(ThreadPoolExecutor.java:617)
	at java.lang.Thread.run(Thread.java:745)
Caused by: org.elasticsearch.common.netty.channel.ConnectTimeoutException: connection timed out: /157.26.108.26:9300
	at org.elasticsearch.common.netty.channel.socket.nio.NioClientBoss.processConnectTimeout(NioClientBoss.java:139)
	at org.elasticsearch.common.netty.channel.socket.nio.NioClientBoss.process(NioClientBoss.java:83)
	at org.elasticsearch.common.netty.channel.socket.nio.AbstractNioSelector.run(AbstractNioSelector.java:318)
	at org.elasticsearch.common.netty.channel.socket.nio.NioClientBoss.run(NioClientBoss.java:42)
	at org.elasticsearch.common.netty.util.ThreadRenamingRunnable.run(ThreadRenamingRunnable.java:108)
	at org.elasticsearch.common.netty.util.internal.DeadLockProofWorker$1.run(DeadLockProofWorker.java:42)
	... 3 more
[2016-05-27 04:01:52,448][WARN ][cluster.service          ] [uberlog] failed to reconnect to node [uberlog][lXnSfKtcSdia39OnU_3JOw][MacBook-Pro-de-wassim.local][inet[/157.26.108.26:9300]]
org.elasticsearch.transport.ConnectTransportException: [uberlog][inet[/157.26.108.26:9300]] connect_timeout[30s]
	at org.elasticsearch.transport.netty.NettyTransport.connectToChannels(NettyTransport.java:807)
	at org.elasticsearch.transport.netty.NettyTransport.connectToNode(NettyTransport.java:741)
	at org.elasticsearch.transport.netty.NettyTransport.connectToNode(NettyTransport.java:714)
	at org.elasticsearch.transport.TransportService.connectToNode(TransportService.java:150)
	at org.elasticsearch.cluster.service.InternalClusterService$ReconnectToNodes.run(InternalClusterService.java:521)
	at java.util.concurrent.ThreadPoolExecutor.runWorker(ThreadPoolExecutor.java:1142)
	at java.util.concurrent.ThreadPoolExecutor$Worker.run(ThreadPoolExecutor.java:617)
	at java.lang.Thread.run(Thread.java:745)
Caused by: org.elasticsearch.common.netty.channel.ConnectTimeoutException: connection timed out: /157.26.108.26:9300
	at org.elasticsearch.common.netty.channel.socket.nio.NioClientBoss.processConnectTimeout(NioClientBoss.java:139)
	at org.elasticsearch.common.netty.channel.socket.nio.NioClientBoss.process(NioClientBoss.java:83)
	at org.elasticsearch.common.netty.channel.socket.nio.AbstractNioSelector.run(AbstractNioSelector.java:318)
	at org.elasticsearch.common.netty.channel.socket.nio.NioClientBoss.run(NioClientBoss.java:42)
	at org.elasticsearch.common.netty.util.ThreadRenamingRunnable.run(ThreadRenamingRunnable.java:108)
	at org.elasticsearch.common.netty.util.internal.DeadLockProofWorker$1.run(DeadLockProofWorker.java:42)
	... 3 more
[2016-05-27 04:05:53,043][WARN ][cluster.service          ] [uberlog] failed to reconnect to node [uberlog][lXnSfKtcSdia39OnU_3JOw][MacBook-Pro-de-wassim.local][inet[/157.26.108.26:9300]]
org.elasticsearch.transport.ConnectTransportException: [uberlog][inet[/157.26.108.26:9300]] connect_timeout[30s]
	at org.elasticsearch.transport.netty.NettyTransport.connectToChannels(NettyTransport.java:807)
	at org.elasticsearch.transport.netty.NettyTransport.connectToNode(NettyTransport.java:741)
	at org.elasticsearch.transport.netty.NettyTransport.connectToNode(NettyTransport.java:714)
	at org.elasticsearch.transport.TransportService.connectToNode(TransportService.java:150)
	at org.elasticsearch.cluster.service.InternalClusterService$ReconnectToNodes.run(InternalClusterService.java:521)
	at java.util.concurrent.ThreadPoolExecutor.runWorker(ThreadPoolExecutor.java:1142)
	at java.util.concurrent.ThreadPoolExecutor$Worker.run(ThreadPoolExecutor.java:617)
	at java.lang.Thread.run(Thread.java:745)
Caused by: org.elasticsearch.common.netty.channel.ConnectTimeoutException: connection timed out: /157.26.108.26:9300
	at org.elasticsearch.common.netty.channel.socket.nio.NioClientBoss.processConnectTimeout(NioClientBoss.java:139)
	at org.elasticsearch.common.netty.channel.socket.nio.NioClientBoss.process(NioClientBoss.java:83)
	at org.elasticsearch.common.netty.channel.socket.nio.AbstractNioSelector.run(AbstractNioSelector.java:318)
	at org.elasticsearch.common.netty.channel.socket.nio.NioClientBoss.run(NioClientBoss.java:42)
	at org.elasticsearch.common.netty.util.ThreadRenamingRunnable.run(ThreadRenamingRunnable.java:108)
	at org.elasticsearch.common.netty.util.internal.DeadLockProofWorker$1.run(DeadLockProofWorker.java:42)
	... 3 more
[2016-05-27 04:09:53,634][WARN ][cluster.service          ] [uberlog] failed to reconnect to node [uberlog][lXnSfKtcSdia39OnU_3JOw][MacBook-Pro-de-wassim.local][inet[/157.26.108.26:9300]]
org.elasticsearch.transport.ConnectTransportException: [uberlog][inet[/157.26.108.26:9300]] connect_timeout[30s]
	at org.elasticsearch.transport.netty.NettyTransport.connectToChannels(NettyTransport.java:807)
	at org.elasticsearch.transport.netty.NettyTransport.connectToNode(NettyTransport.java:741)
	at org.elasticsearch.transport.netty.NettyTransport.connectToNode(NettyTransport.java:714)
	at org.elasticsearch.transport.TransportService.connectToNode(TransportService.java:150)
	at org.elasticsearch.cluster.service.InternalClusterService$ReconnectToNodes.run(InternalClusterService.java:521)
	at java.util.concurrent.ThreadPoolExecutor.runWorker(ThreadPoolExecutor.java:1142)
	at java.util.concurrent.ThreadPoolExecutor$Worker.run(ThreadPoolExecutor.java:617)
	at java.lang.Thread.run(Thread.java:745)
Caused by: org.elasticsearch.common.netty.channel.ConnectTimeoutException: connection timed out: /157.26.108.26:9300
	at org.elasticsearch.common.netty.channel.socket.nio.NioClientBoss.processConnectTimeout(NioClientBoss.java:139)
	at org.elasticsearch.common.netty.channel.socket.nio.NioClientBoss.process(NioClientBoss.java:83)
	at org.elasticsearch.common.netty.channel.socket.nio.AbstractNioSelector.run(AbstractNioSelector.java:318)
	at org.elasticsearch.common.netty.channel.socket.nio.NioClientBoss.run(NioClientBoss.java:42)
	at org.elasticsearch.common.netty.util.ThreadRenamingRunnable.run(ThreadRenamingRunnable.java:108)
	at org.elasticsearch.common.netty.util.internal.DeadLockProofWorker$1.run(DeadLockProofWorker.java:42)
	... 3 more
[2016-05-27 04:13:54,231][WARN ][cluster.service          ] [uberlog] failed to reconnect to node [uberlog][lXnSfKtcSdia39OnU_3JOw][MacBook-Pro-de-wassim.local][inet[/157.26.108.26:9300]]
org.elasticsearch.transport.ConnectTransportException: [uberlog][inet[/157.26.108.26:9300]] connect_timeout[30s]
	at org.elasticsearch.transport.netty.NettyTransport.connectToChannels(NettyTransport.java:807)
	at org.elasticsearch.transport.netty.NettyTransport.connectToNode(NettyTransport.java:741)
	at org.elasticsearch.transport.netty.NettyTransport.connectToNode(NettyTransport.java:714)
	at org.elasticsearch.transport.TransportService.connectToNode(TransportService.java:150)
	at org.elasticsearch.cluster.service.InternalClusterService$ReconnectToNodes.run(InternalClusterService.java:521)
	at java.util.concurrent.ThreadPoolExecutor.runWorker(ThreadPoolExecutor.java:1142)
	at java.util.concurrent.ThreadPoolExecutor$Worker.run(ThreadPoolExecutor.java:617)
	at java.lang.Thread.run(Thread.java:745)
Caused by: org.elasticsearch.common.netty.channel.ConnectTimeoutException: connection timed out: /157.26.108.26:9300
	at org.elasticsearch.common.netty.channel.socket.nio.NioClientBoss.processConnectTimeout(NioClientBoss.java:139)
	at org.elasticsearch.common.netty.channel.socket.nio.NioClientBoss.process(NioClientBoss.java:83)
	at org.elasticsearch.common.netty.channel.socket.nio.AbstractNioSelector.run(AbstractNioSelector.java:318)
	at org.elasticsearch.common.netty.channel.socket.nio.NioClientBoss.run(NioClientBoss.java:42)
	at org.elasticsearch.common.netty.util.ThreadRenamingRunnable.run(ThreadRenamingRunnable.java:108)
	at org.elasticsearch.common.netty.util.internal.DeadLockProofWorker$1.run(DeadLockProofWorker.java:42)
	... 3 more
[2016-05-27 04:17:54,821][WARN ][cluster.service          ] [uberlog] failed to reconnect to node [uberlog][lXnSfKtcSdia39OnU_3JOw][MacBook-Pro-de-wassim.local][inet[/157.26.108.26:9300]]
org.elasticsearch.transport.ConnectTransportException: [uberlog][inet[/157.26.108.26:9300]] connect_timeout[30s]
	at org.elasticsearch.transport.netty.NettyTransport.connectToChannels(NettyTransport.java:807)
	at org.elasticsearch.transport.netty.NettyTransport.connectToNode(NettyTransport.java:741)
	at org.elasticsearch.transport.netty.NettyTransport.connectToNode(NettyTransport.java:714)
	at org.elasticsearch.transport.TransportService.connectToNode(TransportService.java:150)
	at org.elasticsearch.cluster.service.InternalClusterService$ReconnectToNodes.run(InternalClusterService.java:521)
	at java.util.concurrent.ThreadPoolExecutor.runWorker(ThreadPoolExecutor.java:1142)
	at java.util.concurrent.ThreadPoolExecutor$Worker.run(ThreadPoolExecutor.java:617)
	at java.lang.Thread.run(Thread.java:745)
Caused by: org.elasticsearch.common.netty.channel.ConnectTimeoutException: connection timed out: /157.26.108.26:9300
	at org.elasticsearch.common.netty.channel.socket.nio.NioClientBoss.processConnectTimeout(NioClientBoss.java:139)
	at org.elasticsearch.common.netty.channel.socket.nio.NioClientBoss.process(NioClientBoss.java:83)
	at org.elasticsearch.common.netty.channel.socket.nio.AbstractNioSelector.run(AbstractNioSelector.java:318)
	at org.elasticsearch.common.netty.channel.socket.nio.NioClientBoss.run(NioClientBoss.java:42)
	at org.elasticsearch.common.netty.util.ThreadRenamingRunnable.run(ThreadRenamingRunnable.java:108)
	at org.elasticsearch.common.netty.util.internal.DeadLockProofWorker$1.run(DeadLockProofWorker.java:42)
	... 3 more
[2016-05-27 04:21:55,417][WARN ][cluster.service          ] [uberlog] failed to reconnect to node [uberlog][lXnSfKtcSdia39OnU_3JOw][MacBook-Pro-de-wassim.local][inet[/157.26.108.26:9300]]
org.elasticsearch.transport.ConnectTransportException: [uberlog][inet[/157.26.108.26:9300]] connect_timeout[30s]
	at org.elasticsearch.transport.netty.NettyTransport.connectToChannels(NettyTransport.java:807)
	at org.elasticsearch.transport.netty.NettyTransport.connectToNode(NettyTransport.java:741)
	at org.elasticsearch.transport.netty.NettyTransport.connectToNode(NettyTransport.java:714)
	at org.elasticsearch.transport.TransportService.connectToNode(TransportService.java:150)
	at org.elasticsearch.cluster.service.InternalClusterService$ReconnectToNodes.run(InternalClusterService.java:521)
	at java.util.concurrent.ThreadPoolExecutor.runWorker(ThreadPoolExecutor.java:1142)
	at java.util.concurrent.ThreadPoolExecutor$Worker.run(ThreadPoolExecutor.java:617)
	at java.lang.Thread.run(Thread.java:745)
Caused by: org.elasticsearch.common.netty.channel.ConnectTimeoutException: connection timed out: /157.26.108.26:9300
	at org.elasticsearch.common.netty.channel.socket.nio.NioClientBoss.processConnectTimeout(NioClientBoss.java:139)
	at org.elasticsearch.common.netty.channel.socket.nio.NioClientBoss.process(NioClientBoss.java:83)
	at org.elasticsearch.common.netty.channel.socket.nio.AbstractNioSelector.run(AbstractNioSelector.java:318)
	at org.elasticsearch.common.netty.channel.socket.nio.NioClientBoss.run(NioClientBoss.java:42)
	at org.elasticsearch.common.netty.util.ThreadRenamingRunnable.run(ThreadRenamingRunnable.java:108)
	at org.elasticsearch.common.netty.util.internal.DeadLockProofWorker$1.run(DeadLockProofWorker.java:42)
	... 3 more
[2016-05-27 04:25:56,011][WARN ][cluster.service          ] [uberlog] failed to reconnect to node [uberlog][lXnSfKtcSdia39OnU_3JOw][MacBook-Pro-de-wassim.local][inet[/157.26.108.26:9300]]
org.elasticsearch.transport.ConnectTransportException: [uberlog][inet[/157.26.108.26:9300]] connect_timeout[30s]
	at org.elasticsearch.transport.netty.NettyTransport.connectToChannels(NettyTransport.java:807)
	at org.elasticsearch.transport.netty.NettyTransport.connectToNode(NettyTransport.java:741)
	at org.elasticsearch.transport.netty.NettyTransport.connectToNode(NettyTransport.java:714)
	at org.elasticsearch.transport.TransportService.connectToNode(TransportService.java:150)
	at org.elasticsearch.cluster.service.InternalClusterService$ReconnectToNodes.run(InternalClusterService.java:521)
	at java.util.concurrent.ThreadPoolExecutor.runWorker(ThreadPoolExecutor.java:1142)
	at java.util.concurrent.ThreadPoolExecutor$Worker.run(ThreadPoolExecutor.java:617)
	at java.lang.Thread.run(Thread.java:745)
Caused by: org.elasticsearch.common.netty.channel.ConnectTimeoutException: connection timed out: /157.26.108.26:9300
	at org.elasticsearch.common.netty.channel.socket.nio.NioClientBoss.processConnectTimeout(NioClientBoss.java:139)
	at org.elasticsearch.common.netty.channel.socket.nio.NioClientBoss.process(NioClientBoss.java:83)
	at org.elasticsearch.common.netty.channel.socket.nio.AbstractNioSelector.run(AbstractNioSelector.java:318)
	at org.elasticsearch.common.netty.channel.socket.nio.NioClientBoss.run(NioClientBoss.java:42)
	at org.elasticsearch.common.netty.util.ThreadRenamingRunnable.run(ThreadRenamingRunnable.java:108)
	at org.elasticsearch.common.netty.util.internal.DeadLockProofWorker$1.run(DeadLockProofWorker.java:42)
	... 3 more
[2016-05-27 04:29:56,600][WARN ][cluster.service          ] [uberlog] failed to reconnect to node [uberlog][lXnSfKtcSdia39OnU_3JOw][MacBook-Pro-de-wassim.local][inet[/157.26.108.26:9300]]
org.elasticsearch.transport.ConnectTransportException: [uberlog][inet[/157.26.108.26:9300]] connect_timeout[30s]
	at org.elasticsearch.transport.netty.NettyTransport.connectToChannels(NettyTransport.java:807)
	at org.elasticsearch.transport.netty.NettyTransport.connectToNode(NettyTransport.java:741)
	at org.elasticsearch.transport.netty.NettyTransport.connectToNode(NettyTransport.java:714)
	at org.elasticsearch.transport.TransportService.connectToNode(TransportService.java:150)
	at org.elasticsearch.cluster.service.InternalClusterService$ReconnectToNodes.run(InternalClusterService.java:521)
	at java.util.concurrent.ThreadPoolExecutor.runWorker(ThreadPoolExecutor.java:1142)
	at java.util.concurrent.ThreadPoolExecutor$Worker.run(ThreadPoolExecutor.java:617)
	at java.lang.Thread.run(Thread.java:745)
Caused by: org.elasticsearch.common.netty.channel.ConnectTimeoutException: connection timed out: /157.26.108.26:9300
	at org.elasticsearch.common.netty.channel.socket.nio.NioClientBoss.processConnectTimeout(NioClientBoss.java:139)
	at org.elasticsearch.common.netty.channel.socket.nio.NioClientBoss.process(NioClientBoss.java:83)
	at org.elasticsearch.common.netty.channel.socket.nio.AbstractNioSelector.run(AbstractNioSelector.java:318)
	at org.elasticsearch.common.netty.channel.socket.nio.NioClientBoss.run(NioClientBoss.java:42)
	at org.elasticsearch.common.netty.util.ThreadRenamingRunnable.run(ThreadRenamingRunnable.java:108)
	at org.elasticsearch.common.netty.util.internal.DeadLockProofWorker$1.run(DeadLockProofWorker.java:42)
	... 3 more
[2016-05-27 04:33:57,191][WARN ][cluster.service          ] [uberlog] failed to reconnect to node [uberlog][lXnSfKtcSdia39OnU_3JOw][MacBook-Pro-de-wassim.local][inet[/157.26.108.26:9300]]
org.elasticsearch.transport.ConnectTransportException: [uberlog][inet[/157.26.108.26:9300]] connect_timeout[30s]
	at org.elasticsearch.transport.netty.NettyTransport.connectToChannels(NettyTransport.java:807)
	at org.elasticsearch.transport.netty.NettyTransport.connectToNode(NettyTransport.java:741)
	at org.elasticsearch.transport.netty.NettyTransport.connectToNode(NettyTransport.java:714)
	at org.elasticsearch.transport.TransportService.connectToNode(TransportService.java:150)
	at org.elasticsearch.cluster.service.InternalClusterService$ReconnectToNodes.run(InternalClusterService.java:521)
	at java.util.concurrent.ThreadPoolExecutor.runWorker(ThreadPoolExecutor.java:1142)
	at java.util.concurrent.ThreadPoolExecutor$Worker.run(ThreadPoolExecutor.java:617)
	at java.lang.Thread.run(Thread.java:745)
Caused by: org.elasticsearch.common.netty.channel.ConnectTimeoutException: connection timed out: /157.26.108.26:9300
	at org.elasticsearch.common.netty.channel.socket.nio.NioClientBoss.processConnectTimeout(NioClientBoss.java:139)
	at org.elasticsearch.common.netty.channel.socket.nio.NioClientBoss.process(NioClientBoss.java:83)
	at org.elasticsearch.common.netty.channel.socket.nio.AbstractNioSelector.run(AbstractNioSelector.java:318)
	at org.elasticsearch.common.netty.channel.socket.nio.NioClientBoss.run(NioClientBoss.java:42)
	at org.elasticsearch.common.netty.util.ThreadRenamingRunnable.run(ThreadRenamingRunnable.java:108)
	at org.elasticsearch.common.netty.util.internal.DeadLockProofWorker$1.run(DeadLockProofWorker.java:42)
	... 3 more
[2016-05-27 04:37:57,786][WARN ][cluster.service          ] [uberlog] failed to reconnect to node [uberlog][lXnSfKtcSdia39OnU_3JOw][MacBook-Pro-de-wassim.local][inet[/157.26.108.26:9300]]
org.elasticsearch.transport.ConnectTransportException: [uberlog][inet[/157.26.108.26:9300]] connect_timeout[30s]
	at org.elasticsearch.transport.netty.NettyTransport.connectToChannels(NettyTransport.java:807)
	at org.elasticsearch.transport.netty.NettyTransport.connectToNode(NettyTransport.java:741)
	at org.elasticsearch.transport.netty.NettyTransport.connectToNode(NettyTransport.java:714)
	at org.elasticsearch.transport.TransportService.connectToNode(TransportService.java:150)
	at org.elasticsearch.cluster.service.InternalClusterService$ReconnectToNodes.run(InternalClusterService.java:521)
	at java.util.concurrent.ThreadPoolExecutor.runWorker(ThreadPoolExecutor.java:1142)
	at java.util.concurrent.ThreadPoolExecutor$Worker.run(ThreadPoolExecutor.java:617)
	at java.lang.Thread.run(Thread.java:745)
Caused by: org.elasticsearch.common.netty.channel.ConnectTimeoutException: connection timed out: /157.26.108.26:9300
	at org.elasticsearch.common.netty.channel.socket.nio.NioClientBoss.processConnectTimeout(NioClientBoss.java:139)
	at org.elasticsearch.common.netty.channel.socket.nio.NioClientBoss.process(NioClientBoss.java:83)
	at org.elasticsearch.common.netty.channel.socket.nio.AbstractNioSelector.run(AbstractNioSelector.java:318)
	at org.elasticsearch.common.netty.channel.socket.nio.NioClientBoss.run(NioClientBoss.java:42)
	at org.elasticsearch.common.netty.util.ThreadRenamingRunnable.run(ThreadRenamingRunnable.java:108)
	at org.elasticsearch.common.netty.util.internal.DeadLockProofWorker$1.run(DeadLockProofWorker.java:42)
	... 3 more
